01.03.2025 - 08:57:36 - [TAB v5.0.3] Blocked attempt to add player Starry into team CMINP1 (expected team: 6StarryA)
01.03.2025 - 09:16:23 - [TAB v5.0.3] Blocked attempt to add player Starry into team CMINP1 (expected team: 6StarryA)
01.03.2025 - 09:22:59 - [TAB v5.0.3] Blocked attempt to add player Starry into team CMINP1 (expected team: 6StarryA)
01.03.2025 - 10:15:14 - [TAB v5.0.3] Blocked attempt to add player Starry into team CMINP1 (expected team: 6StarryA)
01.03.2025 - 11:01:56 - [TAB v5.0.3] Blocked attempt to add player Starry into team CMINP1 (expected team: 1StarryA)
01.03.2025 - 11:13:45 - [TAB v5.0.3] Blocked attempt to add player Starry into team CMINP1 (expected team: 1StarryA)
01.03.2025 - 14:26:09 - [TAB v5.0.3] Blocked attempt to add player Starry into team CMINP1 (expected team: 1StarryA)
01.03.2025 - 14:57:00 - [TAB v5.0.3] Blocked attempt to add player Starry into team CMINP1 (expected team: 1StarryA)
01.03.2025 - 15:55:24 - [TAB v5.0.3] Blocked attempt to add player Starry into team CMINP1 (expected team: 1StarryA)
01.03.2025 - 17:43:20 - [TAB v5.0.3] Blocked attempt to add player Starry into team CMINP1 (expected team: 1StarryA)
01.03.2025 - 18:43:58 - [TAB v5.0.3] Blocked attempt to add player Starry into team CMINP1 (expected team: 1StarryA)
01.03.2025 - 19:14:58 - [TAB v5.0.3] Blocked attempt to add player fp_Starry_1 into team CMINP0 (expected team: 6fp_Starry_1A)
01.03.2025 - 19:15:04 - [TAB v5.0.3] Blocked attempt to add player fp_Starry_2 into team CMINP0 (expected team: 6fp_Starry_2A)
01.03.2025 - 19:15:11 - [TAB v5.0.3] Blocked attempt to add player fp_Starry_3 into team CMINP0 (expected team: 6fp_Starry_3A)
01.03.2025 - 19:35:18 - [TAB v5.0.3] Blocked attempt to add player Starry into team CMINP1 (expected team: 1StarryA)
02.03.2025 - 13:37:04 - [TAB v5.0.3] Blocked attempt to add player Starry into team CMINP1 (expected team: 1StarryA)
02.03.2025 - 14:05:17 - [TAB v5.0.3] Blocked attempt to add player fp_Starry_1 into team CMINP43 (expected team: 6fp_Starry_1A)
02.03.2025 - 14:05:57 - [TAB v5.0.3] Blocked attempt to add player fp_Starry_2 into team CMINP44 (expected team: 6fp_Starry_2A)
02.03.2025 - 14:06:19 - [TAB v5.0.3] Blocked attempt to add player fp_Starry_3 into team CMINP45 (expected team: 6fp_Starry_3A)
02.03.2025 - 15:02:15 - [TAB v5.0.3] Blocked attempt to add player Starry into team CMINP1 (expected team: 1StarryA)
02.03.2025 - 16:58:59 - [TAB v5.0.3] Blocked attempt to add player user_3m23 into team CMINP0 (expected team: 6user_3m23A)
02.03.2025 - 17:24:28 - [TAB v5.0.3] Blocked attempt to add player Starry into team CMINP1 (expected team: 1StarryA)
02.03.2025 - 18:03:28 - [TAB v5.0.3] Blocked attempt to add player kassn into team CMINP0 (expected team: 6kassnA)
02.03.2025 - 18:28:49 - [TAB v5.0.3] Blocked attempt to add player Starry into team CMINP1 (expected team: 1StarryA)
02.03.2025 - 18:28:55 - [TAB v5.0.3] Blocked attempt to add player user_3m23 into team CMINP59 (expected team: 6user_3m23A)
02.03.2025 - 19:18:13 - [TAB v5.0.3] Blocked attempt to add player Starry into team CMINP1 (expected team: 1StarryA)
02.03.2025 - 19:21:39 - [TAB v5.0.3] Blocked attempt to add player Starry into team CMINP1 (expected team: 1StarryA)
02.03.2025 - 19:21:52 - [TAB v5.0.3] Blocked attempt to add player user_3m23 into team CMINP59 (expected team: 6user_3m23A)
02.03.2025 - 19:30:05 - [TAB v5.0.3] Blocked attempt to add player Starry into team CMINP1 (expected team: 1StarryA)
02.03.2025 - 21:41:00 - [TAB v5.0.3] Blocked attempt to add player 3eeee into team CMINP75 (expected team: 63eeeeA)
03.03.2025 - 14:33:22 - [TAB v5.0.3] Blocked attempt to add player Hong__apple into team CMINP0 (expected team: 6Hong__appleA)
03.03.2025 - 18:55:25 - [TAB v5.0.3] Blocked attempt to add player INEA into team CMINP0 (expected team: 6INEAA)
03.03.2025 - 19:42:53 - [TAB v5.0.3] Blocked attempt to add player Apliuyao into team CMINP0 (expected team: 6ApliuyaoA)
03.03.2025 - 21:53:23 - [TAB v5.0.3] Blocked attempt to add player xiao_chen_joker into team CMINP0 (expected team: 6xiao_chen_jokeA)
03.03.2025 - 22:31:54 - [TAB v5.0.3] Blocked attempt to add player qingqi114514 into team CMINP0 (expected team: 6qingqi114514A)
03.03.2025 - 22:37:48 - [TAB v5.0.3] Blocked attempt to add player yuanf2403 into team CMINP0 (expected team: 6yuanf2403A)
04.03.2025 - 19:29:14 - [TAB v5.0.3] Blocked attempt to add player Chikoro into team CMINP0 (expected team: 6ChikoroA)
04.03.2025 - 20:35:35 - [TAB v5.0.3] Blocked attempt to add player Starry into team CMINP1 (expected team: 1StarryA)
04.03.2025 - 20:40:17 - [TAB v5.0.3] Blocked attempt to add player Starry into team CMINP1 (expected team: 1StarryA)
04.03.2025 - 20:43:06 - [TAB v5.0.3] Blocked attempt to add player fp_Starry_1 into team CMINP43 (expected team: 6fp_Starry_1A)
04.03.2025 - 20:43:07 - [TAB v5.0.3] Blocked attempt to add player fp_Starry_2 into team CMINP44 (expected team: 6fp_Starry_2A)
04.03.2025 - 20:43:08 - [TAB v5.0.3] Blocked attempt to add player fp_Starry_3 into team CMINP45 (expected team: 6fp_Starry_3A)
04.03.2025 - 20:43:09 - [TAB v5.0.3] Blocked attempt to add player fp_Starry_4 into team CMINP0 (expected team: 6fp_Starry_4A)
04.03.2025 - 20:43:10 - [TAB v5.0.3] Blocked attempt to add player fp_Starry_5 into team CMINP0 (expected team: 6fp_Starry_5A)
04.03.2025 - 20:43:11 - [TAB v5.0.3] Blocked attempt to add player fp_Starry_6 into team CMINP0 (expected team: 6fp_Starry_6A)
04.03.2025 - 20:43:14 - [TAB v5.0.3] Blocked attempt to add player fp_Starry_7 into team CMINP0 (expected team: 6fp_Starry_7A)
04.03.2025 - 20:43:18 - [TAB v5.0.3] Blocked attempt to add player fp_Starry_8 into team CMINP0 (expected team: 6fp_Starry_8A)
04.03.2025 - 20:43:51 - [TAB v5.0.3] Blocked attempt to add player Starry into team CMINP1 (expected team: 1StarryA)
04.03.2025 - 21:01:34 - [TAB v5.0.3] Blocked attempt to add player Starry into team CMINP1 (expected team: 1StarryA)
04.03.2025 - 22:31:57 - [TAB v5.0.3] Blocked attempt to add player yuanf2403 into team CMINP94 (expected team: 6yuanf2403A)
05.03.2025 - 10:33:44 - [TAB v5.0.3] Blocked attempt to add player Chikoro into team CMINP100 (expected team: 6ChikoroA)
05.03.2025 - 12:06:22 - [TAB v5.0.3] Blocked attempt to add player yuanf2403 into team CMINP94 (expected team: 6yuanf2403A)
05.03.2025 - 13:46:27 - [TAB v5.0.3] Blocked attempt to add player aikanyun into team CMINP0 (expected team: 6aikanyunA)
05.03.2025 - 14:40:27 - [TAB v5.0.3] Blocked attempt to add player Chikoro into team CMINP100 (expected team: 6ChikoroA)
05.03.2025 - 15:07:59 - [TAB v5.0.3] Blocked attempt to add player yuanf2403 into team CMINP94 (expected team: 6yuanf2403A)
05.03.2025 - 19:16:29 - [TAB v5.0.3] Blocked attempt to add player Starry into team CMINP1 (expected team: 1StarryA)
05.03.2025 - 19:36:24 - [TAB v5.0.3] Blocked attempt to add player shurenultra into team CMINP0 (expected team: 6shurenultraA)
05.03.2025 - 20:05:23 - [TAB v5.0.3] Blocked attempt to add player Chikoro into team CMINP100 (expected team: 6ChikoroA)
05.03.2025 - 20:19:21 - [TAB v5.0.3] Blocked attempt to add player yuanf2403 into team CMINP94 (expected team: 6yuanf2403A)
05.03.2025 - 21:16:39 - [TAB v5.0.3] Blocked attempt to add player Ainbvf into team CMINP0 (expected team: 6AinbvfA)
05.03.2025 - 22:18:01 - [TAB v5.0.3] Blocked attempt to add player yuanf2403 into team CMINP94 (expected team: 6yuanf2403A)
05.03.2025 - 23:32:56 - [TAB v5.0.3] Blocked attempt to add player Lobelia_9925 into team CMINP0 (expected team: 6Lobelia_9925A)
05.03.2025 - 23:37:28 - [TAB v5.0.3] Blocked attempt to add player 111 into team CMINP0 (expected team: 6111A)
05.03.2025 - 23:38:05 - [TAB v5.0.3] Blocked attempt to add player nnn into team CMINP0 (expected team: 6nnnA)
05.03.2025 - 23:38:24 - [TAB v5.0.3] Blocked attempt to add player nnn into team CMINP146 (expected team: 6nnnA)
05.03.2025 - 23:39:08 - [TAB v5.0.3] Blocked attempt to add player MMM into team CMINP0 (expected team: 6MMMA)
05.03.2025 - 23:39:11 - [TAB v5.0.3] Blocked attempt to add player MMM into team CMINP149 (expected team: 6MMMA)
05.03.2025 - 23:58:53 - [TAB v5.0.3] Blocked attempt to add player yuanf2403 into team CMINP94 (expected team: 6yuanf2403A)
06.03.2025 - 00:02:15 - [TAB v5.0.3] Blocked attempt to add player Ainbvf into team CMINP138 (expected team: 6AinbvfA)
06.03.2025 - 00:15:02 - [TAB v5.0.3] Blocked attempt to add player Duangfei into team CMINP0 (expected team: 6DuangfeiA)
06.03.2025 - 00:42:45 - [TAB v5.0.3] Blocked attempt to add player yuanf2403 into team CMINP94 (expected team: 6yuanf2403A)
06.03.2025 - 11:18:12 - [TAB v5.0.3] Blocked attempt to add player Chikoro into team CMINP100 (expected team: 6ChikoroA)
06.03.2025 - 11:38:25 - [TAB v5.0.3] Blocked attempt to add player yuanf2403 into team CMINP94 (expected team: 6yuanf2403A)
06.03.2025 - 13:20:44 - [TAB v5.0.3] Blocked attempt to add player Chikoro into team CMINP100 (expected team: 6ChikoroA)
06.03.2025 - 15:00:20 - [TAB v5.0.3] Blocked attempt to add player yuanf2403 into team CMINP94 (expected team: 6yuanf2403A)
06.03.2025 - 19:17:12 - [TAB v5.0.3] Blocked attempt to add player Starry into team CMINP1 (expected team: 1StarryA)
06.03.2025 - 19:28:48 - [TAB v5.0.3] Blocked attempt to add player Ainbvf into team CMINP138 (expected team: 6AinbvfA)
06.03.2025 - 19:37:08 - [TAB v5.0.3] Blocked attempt to add player Duangfei into team CMINP155 (expected team: 6DuangfeiA)
06.03.2025 - 19:42:09 - [TAB v5.0.3] Blocked attempt to add player Starry into team CMINP1 (expected team: 1StarryA)
06.03.2025 - 19:42:22 - [TAB v5.0.3] Blocked attempt to add player Duangfei into team CMINP155 (expected team: 6DuangfeiA)
06.03.2025 - 19:43:07 - [TAB v5.0.3] Blocked attempt to add player Ainbvf into team CMINP138 (expected team: 6AinbvfA)
06.03.2025 - 19:44:54 - [TAB v5.0.3] Blocked attempt to add player Starry into team CMINP1 (expected team: 1StarryA)
06.03.2025 - 19:46:01 - [TAB v5.0.3] Blocked attempt to add player Ainbvf into team CMINP138 (expected team: 6AinbvfA)
06.03.2025 - 19:52:18 - [TAB v5.0.3] Blocked attempt to add player Chikoro into team CMINP100 (expected team: 6ChikoroA)
06.03.2025 - 20:12:33 - [TAB v5.0.3] Blocked attempt to add player Ainbvf into team CMINP138 (expected team: 6AinbvfA)
06.03.2025 - 20:42:13 - [TAB v5.0.3] Blocked attempt to add player yuanf2403 into team CMINP94 (expected team: 6yuanf2403A)
06.03.2025 - 20:57:38 - [TAB v5.0.3] Blocked attempt to add player Starry into team CMINP1 (expected team: 1StarryA)
06.03.2025 - 22:09:32 - [TAB v5.0.3] Blocked attempt to add player Duangfei into team CMINP155 (expected team: 6DuangfeiA)
06.03.2025 - 22:22:12 - [TAB v5.0.3] Blocked attempt to add player fp_Duangfei_1 into team CMINP0 (expected team: 6fp_Duangfei_1A)
06.03.2025 - 22:22:24 - [TAB v5.0.3] Blocked attempt to add player fp_Duangfei_1 into team CMINP175 (expected team: 6fp_Duangfei_1A)
06.03.2025 - 22:23:07 - [TAB v5.0.3] Blocked attempt to add player fp_Duangfei_2 into team CMINP0 (expected team: 6fp_Duangfei_2A)
06.03.2025 - 22:23:10 - [TAB v5.0.3] Blocked attempt to add player fp_Duangfei_2 into team CMINP176 (expected team: 6fp_Duangfei_2A)
06.03.2025 - 22:58:31 - [TAB v5.0.3] Blocked attempt to add player Chikoro into team CMINP100 (expected team: 6ChikoroA)
07.03.2025 - 10:55:27 - [TAB v5.0.3] Blocked attempt to add player Duangfei into team CMINP155 (expected team: 6DuangfeiA)
07.03.2025 - 11:37:14 - [TAB v5.0.3] Blocked attempt to add player yuanf2403 into team CMINP94 (expected team: 6yuanf2403A)
07.03.2025 - 12:53:34 - [TAB v5.0.3] Blocked attempt to add player Chikoro into team CMINP100 (expected team: 6ChikoroA)
07.03.2025 - 14:03:52 - [TAB v5.0.3] Blocked attempt to add player yuanf2403 into team CMINP94 (expected team: 6yuanf2403A)
07.03.2025 - 15:29:37 - [TAB v5.0.3] Blocked attempt to add player fp_Duangfei_2 into team CMINP176 (expected team: 6fp_Duangfei_2A)
07.03.2025 - 15:44:45 - [TAB v5.0.3] Blocked attempt to add player yuanf2403 into team CMINP94 (expected team: 6yuanf2403A)
07.03.2025 - 15:51:14 - [TAB v5.0.3] Blocked attempt to add player fp_Duangfei_2 into team CMINP176 (expected team: 6fp_Duangfei_2A)
07.03.2025 - 16:48:49 - [TAB v5.0.3] Blocked attempt to add player user_3m23 into team CMINP59 (expected team: 6user_3m23A)
07.03.2025 - 16:50:44 - [TAB v5.0.3] Blocked attempt to add player zhaoze into team CMINP0 (expected team: 6zhaozeA)
07.03.2025 - 16:50:58 - [TAB v5.0.3] Blocked attempt to add player zhaoze into team CMINP177 (expected team: 6zhaozeA)
07.03.2025 - 17:18:36 - [TAB v5.0.3] Blocked attempt to add player Chikoro into team CMINP100 (expected team: 6ChikoroA)
07.03.2025 - 17:34:33 - [TAB v5.0.3] Blocked attempt to add player user_3m23 into team CMINP59 (expected team: 6user_3m23A)
07.03.2025 - 17:35:31 - [TAB v5.0.3] Blocked attempt to add player ckr into team CMINP0 (expected team: 6ckrA)
07.03.2025 - 17:59:28 - [TAB v5.0.3] Blocked attempt to add player user_3m23 into team CMINP59 (expected team: 6user_3m23A)
07.03.2025 - 18:36:17 - [TAB v5.0.3] Blocked attempt to add player fp_Duangfei_2 into team CMINP176 (expected team: 6fp_Duangfei_2A)
07.03.2025 - 18:38:12 - [TAB v5.0.3] Blocked attempt to add player user_3m23 into team CMINP59 (expected team: 6user_3m23A)
07.03.2025 - 19:06:17 - [TAB v5.0.3] Blocked attempt to add player Starry into team CMINP1 (expected team: 1StarryA)
07.03.2025 - 19:26:14 - [TAB v5.0.3] Blocked attempt to add player Starry into team CMINP1 (expected team: 1StarryA)
07.03.2025 - 19:27:12 - [TAB v5.0.3] Blocked attempt to add player Chikoro into team CMINP100 (expected team: 6ChikoroA)
07.03.2025 - 19:35:37 - [TAB v5.0.3] Blocked attempt to add player Starry into team CMINP1 (expected team: 1StarryA)
07.03.2025 - 20:07:16 - [TAB v5.0.3] Blocked attempt to add player fp_Starry_1 into team CMINP43 (expected team: 6fp_Starry_1A)
07.03.2025 - 20:07:20 - [TAB v5.0.3] Blocked attempt to add player fp_Starry_2 into team CMINP44 (expected team: 6fp_Starry_2A)
07.03.2025 - 20:07:23 - [TAB v5.0.3] Blocked attempt to add player fp_Starry_1 into team CMINP43 (expected team: 6fp_Starry_1A)
07.03.2025 - 20:17:28 - [TAB v5.0.3] Blocked attempt to add player fp_Starry_2 into team CMINP44 (expected team: 6fp_Starry_2A)
07.03.2025 - 20:27:36 - [TAB v5.0.3] Blocked attempt to add player Duangfei into team CMINP155 (expected team: 6DuangfeiA)
07.03.2025 - 20:28:45 - [TAB v5.0.3] Blocked attempt to add player 123 into team CMINP0 (expected team: 6123A)
07.03.2025 - 20:28:47 - [TAB v5.0.3] Blocked attempt to add player 123 into team CMINP179 (expected team: 6123A)
07.03.2025 - 20:29:07 - [TAB v5.0.3] Blocked attempt to add player fp_Duangfei_1 into team CMINP175 (expected team: 6fp_Duangfei_1A)
07.03.2025 - 20:31:35 - [TAB v5.0.3] Blocked attempt to add player fp_Starry_1 into team CMINP43 (expected team: 6fp_Starry_1A)
07.03.2025 - 20:33:09 - [TAB v5.0.3] Blocked attempt to add player Ainbvf into team CMINP138 (expected team: 6AinbvfA)
07.03.2025 - 20:40:35 - [TAB v5.0.3] Blocked attempt to add player Chikoro into team CMINP100 (expected team: 6ChikoroA)
07.03.2025 - 20:59:43 - [TAB v5.0.3] Blocked attempt to add player Ainbvf into team CMINP138 (expected team: 6AinbvfA)
07.03.2025 - 21:00:27 - [TAB v5.0.3] Blocked attempt to add player Duangfei into team CMINP155 (expected team: 6DuangfeiA)
07.03.2025 - 21:00:56 - [TAB v5.0.3] Blocked attempt to add player Starry into team CMINP1 (expected team: 1StarryA)
07.03.2025 - 21:06:31 - [TAB v5.0.3] Blocked attempt to add player fp_Duangfei_1 into team CMINP175 (expected team: 6fp_Duangfei_1A)
07.03.2025 - 21:06:37 - [TAB v5.0.3] Blocked attempt to add player user_3m23 into team CMINP59 (expected team: 6user_3m23A)
07.03.2025 - 21:21:36 - [TAB v5.0.3] Blocked attempt to add player Duangfei1 into team CMINP0 (expected team: 6Duangfei1A)
07.03.2025 - 21:23:39 - [TAB v5.0.3] Blocked attempt to add player Zara into team CMINP0 (expected team: 6ZaraA)
07.03.2025 - 21:28:19 - [TAB v5.0.3] Blocked attempt to add player Starry into team CMINP1 (expected team: 1StarryA)
07.03.2025 - 21:32:16 - [TAB v5.0.3] Blocked attempt to add player zhaoze into team CMINP177 (expected team: 6zhaozeA)
07.03.2025 - 21:41:12 - [TAB v5.0.3] Blocked attempt to add player 2340511 into team CMINP0 (expected team: 62340511A)
07.03.2025 - 21:41:33 - [TAB v5.0.3] Blocked attempt to add player 111 into team CMINP145 (expected team: 6111A)
07.03.2025 - 21:48:08 - [TAB v5.0.3] Blocked attempt to add player Bart into team CMINP0 (expected team: 6BartA)
07.03.2025 - 21:57:06 - [TAB v5.0.3] Blocked attempt to add player Starry into team CMINP1 (expected team: 1StarryA)
07.03.2025 - 21:57:55 - [TAB v5.0.3] Blocked attempt to add player fp_Starry_1 into team CMINP43 (expected team: 6fp_Starry_1A)
07.03.2025 - 21:57:55 - [TAB v5.0.3] Blocked attempt to add player fp_Starry_1 into team CMINP43 (expected team: 6fp_Starry_1A)
07.03.2025 - 22:13:33 - [TAB v5.0.3] Blocked attempt to add player Starry into team CMINP1 (expected team: 1StarryA)
07.03.2025 - 22:44:59 - [TAB v5.0.3] Blocked attempt to add player FosterElf841546 into team CMINP0 (expected team: 6FosterElf84154A)
07.03.2025 - 22:57:48 - [TAB v5.0.3] Blocked attempt to add player qingqi114514 into team CMINP92 (expected team: 6qingqi114514A)
07.03.2025 - 23:58:37 - [TAB v5.0.3] Blocked attempt to add player yuanf2403 into team CMINP94 (expected team: 6yuanf2403A)
08.03.2025 - 01:26:15 - [TAB v5.0.3] Blocked attempt to add player Hateful_ into team CMINP0 (expected team: 6Hateful_A)
08.03.2025 - 02:45:45 - [TAB v5.0.3] Blocked attempt to add player user_3m23 into team CMINP59 (expected team: 6user_3m23A)
08.03.2025 - 08:41:09 - [TAB v5.0.3] Blocked attempt to add player Duangfei into team CMINP155 (expected team: 6DuangfeiA)
08.03.2025 - 09:15:16 - [TAB v5.0.3] Blocked attempt to add player Chikoro into team CMINP100 (expected team: 6ChikoroA)
08.03.2025 - 10:09:08 - [TAB v5.0.3] Blocked attempt to add player Starry into team CMINP1 (expected team: 1StarryA)
08.03.2025 - 10:11:51 - [TAB v5.0.3] Blocked attempt to add player tian into team CMINP0 (expected team: 6tianA)
08.03.2025 - 10:46:36 - [TAB v5.0.3] Blocked attempt to add player fp_Starry_1 into team CMINP43 (expected team: 6fp_Starry_1A)
08.03.2025 - 10:46:40 - [TAB v5.0.3] Blocked attempt to add player fp_Starry_2 into team CMINP44 (expected team: 6fp_Starry_2A)
08.03.2025 - 10:48:08 - [TAB v5.0.3] Blocked attempt to add player fp_Starry_1 into team CMINP43 (expected team: 6fp_Starry_1A)
08.03.2025 - 10:48:08 - [TAB v5.0.3] Blocked attempt to add player fp_Starry_1 into team CMINP43 (expected team: 6fp_Starry_1A)
08.03.2025 - 10:57:35 - [TAB v5.0.3] Blocked attempt to add player Duangfei into team CMINP155 (expected team: 6DuangfeiA)
08.03.2025 - 11:45:08 - [TAB v5.0.3] Blocked attempt to add player user_3m23 into team CMINP59 (expected team: 6user_3m23A)
08.03.2025 - 12:07:08 - [TAB v5.0.3] Blocked attempt to add player Duangfei into team CMINP155 (expected team: 6DuangfeiA)
08.03.2025 - 12:33:24 - [TAB v5.0.3] Blocked attempt to add player Chikoro into team CMINP100 (expected team: 6ChikoroA)
08.03.2025 - 13:12:58 - [TAB v5.0.3] Blocked attempt to add player fp_Duangfei_1 into team CMINP175 (expected team: 6fp_Duangfei_1A)
08.03.2025 - 13:41:56 - [TAB v5.0.3] Blocked attempt to add player Starry into team CMINP1 (expected team: 1StarryA)
08.03.2025 - 14:31:54 - [TAB v5.0.3] Blocked attempt to add player b72Aaa into team CMINP0 (expected team: 6b72AaaA)
08.03.2025 - 14:49:39 - [TAB v5.0.3] Blocked attempt to add player fp_b72Aaa_1 into team CMINP0 (expected team: 6fp_b72Aaa_1A)
08.03.2025 - 14:49:40 - [TAB v5.0.3] Blocked attempt to add player fp_b72Aaa_2 into team CMINP0 (expected team: 6fp_b72Aaa_2A)
08.03.2025 - 14:49:41 - [TAB v5.0.3] Blocked attempt to add player fp_b72Aaa_3 into team CMINP0 (expected team: 6fp_b72Aaa_3A)
08.03.2025 - 14:49:53 - [TAB v5.0.3] Blocked attempt to add player fp_b72Aaa_1 into team CMINP189 (expected team: 6fp_b72Aaa_1A)
08.03.2025 - 14:50:47 - [TAB v5.0.3] Blocked attempt to add player fp_b72Aaa_2 into team CMINP190 (expected team: 6fp_b72Aaa_2A)
08.03.2025 - 14:50:48 - [TAB v5.0.3] Blocked attempt to add player fp_b72Aaa_3 into team CMINP191 (expected team: 6fp_b72Aaa_3A)
08.03.2025 - 14:50:48 - [TAB v5.0.3] Blocked attempt to add player fp_b72Aaa_4 into team CMINP0 (expected team: 6fp_b72Aaa_4A)
08.03.2025 - 14:50:48 - [TAB v5.0.3] Blocked attempt to add player fp_b72Aaa_5 into team CMINP0 (expected team: 6fp_b72Aaa_5A)
08.03.2025 - 14:50:54 - [TAB v5.0.3] Blocked attempt to add player fp_b72Aaa_1 into team CMINP189 (expected team: 6fp_b72Aaa_1A)
08.03.2025 - 14:50:54 - [TAB v5.0.3] Blocked attempt to add player fp_b72Aaa_2 into team CMINP190 (expected team: 6fp_b72Aaa_2A)
08.03.2025 - 14:50:54 - [TAB v5.0.3] Blocked attempt to add player fp_b72Aaa_3 into team CMINP191 (expected team: 6fp_b72Aaa_3A)
08.03.2025 - 14:50:54 - [TAB v5.0.3] Blocked attempt to add player fp_b72Aaa_4 into team CMINP192 (expected team: 6fp_b72Aaa_4A)
08.03.2025 - 14:50:55 - [TAB v5.0.3] Blocked attempt to add player fp_b72Aaa_5 into team CMINP193 (expected team: 6fp_b72Aaa_5A)
08.03.2025 - 14:59:59 - [TAB v5.0.3] Blocked attempt to add player FosterElf841546 into team CMINP184 (expected team: 6FosterElf84154A)
08.03.2025 - 15:35:02 - [TAB v5.0.3] Blocked attempt to add player Starry into team CMINP1 (expected team: 1StarryA)
08.03.2025 - 16:48:13 - [TAB v5.0.3] Blocked attempt to add player heiman123 into team CMINP0 (expected team: 6heiman123A)
08.03.2025 - 16:54:58 - [TAB v5.0.3] Blocked attempt to add player Duangfei into team CMINP155 (expected team: 6DuangfeiA)
08.03.2025 - 17:12:31 - [TAB v5.0.3] Blocked attempt to add player Chikoro into team CMINP100 (expected team: 6ChikoroA)
08.03.2025 - 17:33:01 - [TAB v5.0.3] Blocked attempt to add player user_3m23 into team CMINP59 (expected team: 6user_3m23A)
08.03.2025 - 17:38:58 - [TAB v5.0.3] Blocked attempt to add player Ainbvf into team CMINP138 (expected team: 6AinbvfA)
08.03.2025 - 18:18:49 - [TAB v5.0.3] Blocked attempt to add player Starry into team CMINP1 (expected team: 1StarryA)
08.03.2025 - 18:20:50 - [TAB v5.0.3] Blocked attempt to add player fp_Starry_1 into team CMINP43 (expected team: 6fp_Starry_1A)
08.03.2025 - 18:42:40 - [TAB v5.0.3] Blocked attempt to add player Starry into team CMINP1 (expected team: 1StarryA)
08.03.2025 - 19:02:53 - [TAB v5.0.3] Blocked attempt to add player yuanf2403 into team CMINP94 (expected team: 6yuanf2403A)
08.03.2025 - 19:03:54 - [TAB v5.0.3] Blocked attempt to add player Starry into team CMINP1 (expected team: 1StarryA)
08.03.2025 - 20:04:02 - [TAB v5.0.3] Blocked attempt to add player Chikoro into team CMINP100 (expected team: 6ChikoroA)
08.03.2025 - 20:46:33 - [TAB v5.0.3] Blocked attempt to add player Starry into team CMINP1 (expected team: 1StarryA)
08.03.2025 - 21:14:44 - [TAB v5.0.3] Blocked attempt to add player Ainbvf into team CMINP138 (expected team: 6AinbvfA)
08.03.2025 - 21:22:19 - [TAB v5.0.3] Blocked attempt to add player Chikoro into team CMINP100 (expected team: 6ChikoroA)
08.03.2025 - 21:30:33 - [TAB v5.0.3] Blocked attempt to add player wenrun666 into team CMINP0 (expected team: 6wenrun666A)
08.03.2025 - 21:31:30 - [TAB v5.0.3] Blocked attempt to add player fp_wenrun666_1 into team CMINP0 (expected team: 6fp_wenrun666_1A)
08.03.2025 - 21:31:32 - [TAB v5.0.3] Blocked attempt to add player fp_wenrun666_2 into team CMINP0 (expected team: 6fp_wenrun666_2A)
08.03.2025 - 21:31:32 - [TAB v5.0.3] Blocked attempt to add player fp_wenrun666_3 into team CMINP0 (expected team: 6fp_wenrun666_3A)
08.03.2025 - 21:31:33 - [TAB v5.0.3] Blocked attempt to add player fp_wenrun666_4 into team CMINP0 (expected team: 6fp_wenrun666_4A)
08.03.2025 - 21:32:13 - [TAB v5.0.3] Blocked attempt to add player Ainbvf into team CMINP138 (expected team: 6AinbvfA)
08.03.2025 - 21:37:26 - [TAB v5.0.3] Blocked attempt to add player Duangfei into team CMINP155 (expected team: 6DuangfeiA)
08.03.2025 - 21:52:53 - [TAB v5.0.3] Blocked attempt to add player wenrun666 into team CMINP195 (expected team: 6wenrun666A)
08.03.2025 - 22:08:13 - [TAB v5.0.3] Blocked attempt to add player fp_wenrun666_1 into team CMINP199 (expected team: 6fp_wenrun666_1A)
08.03.2025 - 22:26:01 - [TAB v5.0.3] Blocked attempt to add player Kknight_7 into team CMINP0 (expected team: 6Kknight_7A)
08.03.2025 - 23:02:26 - [TAB v5.0.3] Blocked attempt to add player yuanf2403 into team CMINP94 (expected team: 6yuanf2403A)
08.03.2025 - 23:32:12 - [TAB v5.0.3] Blocked attempt to add player fp_Chikoro_1 into team CMINP0 (expected team: 6fp_Chikoro_1A)
08.03.2025 - 23:32:18 - [TAB v5.0.3] Blocked attempt to add player fp_Chikoro_1 into team CMINP201 (expected team: 6fp_Chikoro_1A)
08.03.2025 - 23:41:45 - [TAB v5.0.3] Blocked attempt to add player b72Aaa into team CMINP188 (expected team: 6b72AaaA)
08.03.2025 - 23:44:47 - [TAB v5.0.3] Blocked attempt to add player FosterElf841546 into team CMINP184 (expected team: 6FosterElf84154A)
08.03.2025 - 23:45:47 - [TAB v5.0.3] Blocked attempt to add player fp_Duangfei_2 into team CMINP176 (expected team: 6fp_Duangfei_2A)
08.03.2025 - 23:47:42 - [TAB v5.0.3] Blocked attempt to add player fp_b72Aaa_1 into team CMINP189 (expected team: 6fp_b72Aaa_1A)
08.03.2025 - 23:47:43 - [TAB v5.0.3] Blocked attempt to add player fp_b72Aaa_2 into team CMINP190 (expected team: 6fp_b72Aaa_2A)
08.03.2025 - 23:47:51 - [TAB v5.0.3] Blocked attempt to add player fp_b72Aaa_1 into team CMINP189 (expected team: 6fp_b72Aaa_1A)
08.03.2025 - 23:53:34 - [TAB v5.0.3] Blocked attempt to add player fp_Duangfei_2 into team CMINP176 (expected team: 6fp_Duangfei_2A)
09.03.2025 - 00:14:42 - [TAB v5.0.3] Blocked attempt to add player Chikoro into team CMINP100 (expected team: 6ChikoroA)
09.03.2025 - 09:40:44 - [TAB v5.0.3] Blocked attempt to add player wenrun666 into team CMINP195 (expected team: 6wenrun666A)
09.03.2025 - 10:00:39 - [TAB v5.0.3] Blocked attempt to add player Chikoro into team CMINP100 (expected team: 6ChikoroA)
09.03.2025 - 10:22:14 - [TAB v5.0.3] Blocked attempt to add player yuanf2403 into team CMINP94 (expected team: 6yuanf2403A)
09.03.2025 - 10:49:02 - [TAB v5.0.3] Blocked attempt to add player wenrun666 into team CMINP195 (expected team: 6wenrun666A)
09.03.2025 - 11:17:31 - [TAB v5.0.3] Blocked attempt to add player Ainbvf into team CMINP138 (expected team: 6AinbvfA)
09.03.2025 - 11:30:52 - [TAB v5.0.3] Blocked attempt to add player yuanf2403 into team CMINP94 (expected team: 6yuanf2403A)
09.03.2025 - 11:45:37 - [TAB v5.0.3] Blocked attempt to add player user_3m23 into team CMINP59 (expected team: 6user_3m23A)
09.03.2025 - 11:52:44 - [TAB v5.0.3] Blocked attempt to add player wenrun666 into team CMINP195 (expected team: 6wenrun666A)
09.03.2025 - 12:01:09 - [TAB v5.0.3] Blocked attempt to add player Ainbvf into team CMINP138 (expected team: 6AinbvfA)
09.03.2025 - 12:22:27 - [TAB v5.0.3] Blocked attempt to add player fp_Ainbvf_1 into team CMINP0 (expected team: 6fp_Ainbvf_1A)
09.03.2025 - 12:22:28 - [TAB v5.0.3] Blocked attempt to add player fp_Ainbvf_2 into team CMINP0 (expected team: 6fp_Ainbvf_2A)
09.03.2025 - 12:22:28 - [TAB v5.0.3] Blocked attempt to add player fp_Ainbvf_3 into team CMINP0 (expected team: 6fp_Ainbvf_3A)
09.03.2025 - 12:22:29 - [TAB v5.0.3] Blocked attempt to add player fp_Ainbvf_4 into team CMINP0 (expected team: 6fp_Ainbvf_4A)
09.03.2025 - 12:22:51 - [TAB v5.0.3] Blocked attempt to add player fp_Ainbvf_1 into team CMINP205 (expected team: 6fp_Ainbvf_1A)
09.03.2025 - 12:23:07 - [TAB v5.0.3] Blocked attempt to add player fp_Ainbvf_2 into team CMINP204 (expected team: 6fp_Ainbvf_2A)
09.03.2025 - 12:23:07 - [TAB v5.0.3] Blocked attempt to add player fp_Ainbvf_2 into team CMINP204 (expected team: 6fp_Ainbvf_2A)
09.03.2025 - 12:26:02 - [TAB v5.0.3] Blocked attempt to add player Kknight_7 into team CMINP200 (expected team: 6Kknight_7A)
09.03.2025 - 12:50:24 - [TAB v5.0.3] Blocked attempt to add player AINBaF into team CMINP0 (expected team: 6AINBaFA)
09.03.2025 - 13:11:14 - [TAB v5.0.3] Blocked attempt to add player wenrun666 into team CMINP195 (expected team: 6wenrun666A)
09.03.2025 - 13:13:11 - [TAB v5.0.3] Blocked attempt to add player Duangfei into team CMINP155 (expected team: 6DuangfeiA)
09.03.2025 - 13:17:54 - [TAB v5.0.3] Blocked attempt to add player Chikoro into team CMINP100 (expected team: 6ChikoroA)
09.03.2025 - 13:23:17 - [TAB v5.0.3] Blocked attempt to add player yuanf2403 into team CMINP94 (expected team: 6yuanf2403A)
09.03.2025 - 13:25:23 - [TAB v5.0.3] Blocked attempt to add player wenrun666 into team CMINP195 (expected team: 6wenrun666A)
09.03.2025 - 13:25:23 - [TAB v5.0.3] Blocked attempt to add player wenrun666 into team CMINP195 (expected team: 6wenrun666A)
09.03.2025 - 13:25:23 - [TAB v5.0.3] Blocked attempt to add player wenrun666 into team CMINP195 (expected team: 6wenrun666A)
09.03.2025 - 13:30:46 - [TAB v5.0.3] Blocked attempt to add player fp_Duangfei_2 into team CMINP176 (expected team: 6fp_Duangfei_2A)
09.03.2025 - 13:30:46 - [TAB v5.0.3] Blocked attempt to add player fp_Duangfei_2 into team CMINP176 (expected team: 6fp_Duangfei_2A)
09.03.2025 - 13:30:46 - [TAB v5.0.3] Blocked attempt to add player fp_Duangfei_2 into team CMINP176 (expected team: 6fp_Duangfei_2A)
09.03.2025 - 14:00:35 - [TAB v5.0.3] Blocked attempt to add player user_3m23 into team CMINP59 (expected team: 6user_3m23A)
09.03.2025 - 14:11:02 - [TAB v5.0.3] Blocked attempt to add player Starry into team CMINP1 (expected team: 1StarryA)
09.03.2025 - 14:33:27 - [TAB v5.0.3] Blocked attempt to add player yuanf2403 into team CMINP94 (expected team: 6yuanf2403A)
09.03.2025 - 14:34:11 - [TAB v5.0.3] Blocked attempt to add player wenrun666 into team CMINP195 (expected team: 6wenrun666A)
09.03.2025 - 14:36:28 - [TAB v5.0.3] Blocked attempt to add player fp_Chikoro_1 into team CMINP201 (expected team: 6fp_Chikoro_1A)
09.03.2025 - 14:36:48 - [TAB v5.0.3] Blocked attempt to add player fp_wenrun666_1 into team CMINP199 (expected team: 6fp_wenrun666_1A)
09.03.2025 - 14:37:49 - [TAB v5.0.3] Blocked attempt to add player Starry into team CMINP1 (expected team: 1StarryA)
09.03.2025 - 14:39:56 - [TAB v5.0.3] Blocked attempt to add player Duangfei into team CMINP155 (expected team: 6DuangfeiA)
09.03.2025 - 14:41:33 - [TAB v5.0.3] Blocked attempt to add player hollhan into team CMINP0 (expected team: 6hollhanA)
09.03.2025 - 14:45:45 - [TAB v5.0.3] Blocked attempt to add player Chikoro into team CMINP100 (expected team: 6ChikoroA)
09.03.2025 - 14:45:54 - [TAB v5.0.3] Blocked attempt to add player Starry into team CMINP1 (expected team: 1StarryA)
09.03.2025 - 14:46:10 - [TAB v5.0.3] Blocked attempt to add player hollhan into team CMINP208 (expected team: 6hollhanA)
09.03.2025 - 14:47:23 - [TAB v5.0.3] Blocked attempt to add player wenrun666 into team CMINP195 (expected team: 6wenrun666A)
09.03.2025 - 14:48:03 - [TAB v5.0.3] Blocked attempt to add player yuanf2403 into team CMINP94 (expected team: 6yuanf2403A)
09.03.2025 - 14:53:25 - [TAB v5.0.3] Blocked attempt to add player fp_Chikoro_1 into team CMINP201 (expected team: 6fp_Chikoro_1A)
09.03.2025 - 14:53:35 - [TAB v5.0.3] Blocked attempt to add player hollhan into team CMINP208 (expected team: 6hollhanA)
09.03.2025 - 15:28:34 - [TAB v5.0.3] Blocked attempt to add player Starry into team CMINP1 (expected team: 1StarryA)
09.03.2025 - 16:07:44 - [TAB v5.0.3] Blocked attempt to add player hollhan into team CMINP208 (expected team: 6hollhanA)
09.03.2025 - 16:14:24 - [TAB v5.0.3] Blocked attempt to add player Dian_Ron into team CMINP0 (expected team: 6Dian_RonA)
09.03.2025 - 16:16:45 - [TAB v5.0.3] Blocked attempt to add player user_3m23 into team CMINP59 (expected team: 6user_3m23A)
09.03.2025 - 16:17:30 - [TAB v5.0.3] Blocked attempt to add player FosterElf841546 into team CMINP184 (expected team: 6FosterElf84154A)
09.03.2025 - 16:18:05 - [TAB v5.0.3] Blocked attempt to add player user_3m23 into team CMINP59 (expected team: 6user_3m23A)
09.03.2025 - 16:21:26 - [TAB v5.0.3] Blocked attempt to add player kkkdk into team CMINP0 (expected team: 6kkkdkA)
09.03.2025 - 16:21:26 - [TAB v5.0.3] Blocked attempt to add player kkkdk into team CMINP0 (expected team: 6kkkdkA)
09.03.2025 - 16:22:52 - [TAB v5.0.3] Blocked attempt to add player Starry into team CMINP1 (expected team: 1StarryA)
09.03.2025 - 16:24:55 - [TAB v5.0.3] Blocked attempt to add player hollhan into team CMINP208 (expected team: 6hollhanA)
09.03.2025 - 16:31:43 - [TAB v5.0.3] Blocked attempt to add player FosterElf841546 into team CMINP184 (expected team: 6FosterElf84154A)
09.03.2025 - 16:33:50 - [TAB v5.0.3] Blocked attempt to add player Starry into team CMINP1 (expected team: 1StarryA)
09.03.2025 - 17:03:07 - [TAB v5.0.3] Blocked attempt to add player Chikoro into team CMINP100 (expected team: 6ChikoroA)
09.03.2025 - 17:08:20 - [TAB v5.0.3] Blocked attempt to add player Starry into team CMINP1 (expected team: 1StarryA)
09.03.2025 - 17:21:11 - [TAB v5.0.3] Blocked attempt to add player fp_Duangfei_1 into team CMINP175 (expected team: 6fp_Duangfei_1A)
09.03.2025 - 17:21:11 - [TAB v5.0.3] Blocked attempt to add player fp_Duangfei_1 into team CMINP175 (expected team: 6fp_Duangfei_1A)
09.03.2025 - 17:29:30 - [TAB v5.0.3] Blocked attempt to add player Starry into team CMINP1 (expected team: 1StarryA)
09.03.2025 - 17:36:29 - [TAB v5.0.3] Blocked attempt to add player hollhan into team CMINP208 (expected team: 6hollhanA)
09.03.2025 - 17:45:05 - [TAB v5.0.3] Blocked attempt to add player SHI_LIU_ into team CMINP0 (expected team: 6SHI_LIU_A)
09.03.2025 - 17:47:40 - [TAB v5.0.3] Blocked attempt to add player Starry into team CMINP1 (expected team: 1StarryA)
09.03.2025 - 20:03:31 - [TAB v5.0.3] Blocked attempt to add player Duangfei into team CMINP155 (expected team: 6DuangfeiA)
09.03.2025 - 20:08:16 - [TAB v5.0.3] Blocked attempt to add player Ocean_Yu into team CMINP0 (expected team: 6Ocean_YuA)
09.03.2025 - 20:25:47 - [TAB v5.0.3] Blocked attempt to add player fp_kkkdk_1 into team CMINP0 (expected team: 6fp_kkkdk_1A)
09.03.2025 - 20:25:48 - [TAB v5.0.3] Blocked attempt to add player fp_kkkdk_2 into team CMINP0 (expected team: 6fp_kkkdk_2A)
09.03.2025 - 20:25:48 - [TAB v5.0.3] Blocked attempt to add player fp_kkkdk_3 into team CMINP0 (expected team: 6fp_kkkdk_3A)
09.03.2025 - 20:25:49 - [TAB v5.0.3] Blocked attempt to add player fp_kkkdk_5 into team CMINP0 (expected team: 6fp_kkkdk_5A)
09.03.2025 - 20:25:49 - [TAB v5.0.3] Blocked attempt to add player fp_kkkdk_4 into team CMINP0 (expected team: 6fp_kkkdk_4A)
09.03.2025 - 20:26:21 - [TAB v5.0.3] Blocked attempt to add player fp_kkkdk_1 into team CMINP216 (expected team: 6fp_kkkdk_1A)
09.03.2025 - 20:27:15 - [TAB v5.0.3] Blocked attempt to add player fp_kkkdk_2 into team CMINP213 (expected team: 6fp_kkkdk_2A)
09.03.2025 - 20:27:17 - [TAB v5.0.3] Blocked attempt to add player fp_kkkdk_3 into team CMINP214 (expected team: 6fp_kkkdk_3A)
09.03.2025 - 20:27:17 - [TAB v5.0.3] Blocked attempt to add player fp_kkkdk_4 into team CMINP217 (expected team: 6fp_kkkdk_4A)
09.03.2025 - 20:27:18 - [TAB v5.0.3] Blocked attempt to add player fp_kkkdk_5 into team CMINP215 (expected team: 6fp_kkkdk_5A)
09.03.2025 - 20:27:21 - [TAB v5.0.3] Blocked attempt to add player fp_kkkdk_1 into team CMINP216 (expected team: 6fp_kkkdk_1A)
09.03.2025 - 20:39:25 - [TAB v5.0.3] Blocked attempt to add player wenrun666 into team CMINP195 (expected team: 6wenrun666A)
09.03.2025 - 20:39:51 - [TAB v5.0.3] Blocked attempt to add player yuanf2403 into team CMINP94 (expected team: 6yuanf2403A)
09.03.2025 - 20:43:10 - [TAB v5.0.3] Blocked attempt to add player Ocean_Yu into team CMINP212 (expected team: 6Ocean_YuA)
09.03.2025 - 20:53:56 - [TAB v5.0.3] Blocked attempt to add player Chikoro into team CMINP100 (expected team: 6ChikoroA)
09.03.2025 - 21:07:22 - [TAB v5.0.3] Blocked attempt to add player fp_kkkdk_1 into team CMINP216 (expected team: 6fp_kkkdk_1A)
09.03.2025 - 21:07:38 - [TAB v5.0.3] Blocked attempt to add player fp_kkkdk_2 into team CMINP213 (expected team: 6fp_kkkdk_2A)
09.03.2025 - 21:19:43 - [TAB v5.0.3] Blocked attempt to add player Duangfei into team CMINP155 (expected team: 6DuangfeiA)
09.03.2025 - 21:19:53 - [TAB v5.0.3] Blocked attempt to add player yuanf2403 into team CMINP94 (expected team: 6yuanf2403A)
09.03.2025 - 21:24:13 - [TAB v5.0.3] Blocked attempt to add player fp_Chikoro_2 into team CMINP0 (expected team: 6fp_Chikoro_2A)
09.03.2025 - 21:24:17 - [TAB v5.0.3] Blocked attempt to add player fp_Chikoro_2 into team CMINP218 (expected team: 6fp_Chikoro_2A)
09.03.2025 - 21:48:16 - [TAB v5.0.3] Blocked attempt to add player fp_Duangfei_2 into team CMINP176 (expected team: 6fp_Duangfei_2A)
09.03.2025 - 22:00:25 - [TAB v5.0.3] Blocked attempt to add player fp_kkkdk_1 into team CMINP216 (expected team: 6fp_kkkdk_1A)
09.03.2025 - 22:04:08 - [TAB v5.0.3] Blocked attempt to add player fp_Chikoro_2 into team CMINP218 (expected team: 6fp_Chikoro_2A)
09.03.2025 - 22:09:51 - [TAB v5.0.3] Blocked attempt to add player fp_yuanf2403_1 into team CMINP0 (expected team: 6fp_yuanf2403_1A)
09.03.2025 - 22:21:50 - [TAB v5.0.3] Blocked attempt to add player fp_Chikoro_2 into team CMINP218 (expected team: 6fp_Chikoro_2A)
09.03.2025 - 22:52:15 - [TAB v5.0.3] Blocked attempt to add player kkkdk into team CMINP210 (expected team: 6kkkdkA)
09.03.2025 - 22:53:45 - [TAB v5.0.3] Blocked attempt to add player fp_yuanf2403_2 into team CMINP0 (expected team: 6fp_yuanf2403_2A)
09.03.2025 - 22:53:52 - [TAB v5.0.3] Blocked attempt to add player fp_yuanf2403_2 into team CMINP220 (expected team: 6fp_yuanf2403_2A)
09.03.2025 - 23:22:25 - [TAB v5.0.3] Blocked attempt to add player Ocean_Yu into team CMINP212 (expected team: 6Ocean_YuA)
10.03.2025 - 00:24:21 - [TAB v5.0.3] Blocked attempt to add player yuanf2403 into team CMINP94 (expected team: 6yuanf2403A)
10.03.2025 - 00:27:09 - [TAB v5.0.3] Blocked attempt to add player Duangfei into team CMINP155 (expected team: 6DuangfeiA)
10.03.2025 - 00:54:41 - [TAB v5.0.3] Blocked attempt to add player weiheping into team CMINP0 (expected team: 6weihepingA)
10.03.2025 - 10:38:57 - [TAB v5.0.3] Blocked attempt to add player Chikoro into team CMINP100 (expected team: 6ChikoroA)
10.03.2025 - 11:32:23 - [TAB v5.0.3] Blocked attempt to add player Duangfei into team CMINP155 (expected team: 6DuangfeiA)
10.03.2025 - 11:40:56 - [TAB v5.0.3] Blocked attempt to add player yuanf2403 into team CMINP94 (expected team: 6yuanf2403A)
10.03.2025 - 12:01:53 - [TAB v5.0.3] Blocked attempt to add player Ocean_Yu into team CMINP212 (expected team: 6Ocean_YuA)
10.03.2025 - 13:18:06 - [TAB v5.0.3] Blocked attempt to add player fp_Duangfei_1 into team CMINP175 (expected team: 6fp_Duangfei_1A)
10.03.2025 - 13:57:03 - [TAB v5.0.3] Blocked attempt to add player Chikoro into team CMINP100 (expected team: 6ChikoroA)
10.03.2025 - 15:26:43 - [TAB v5.0.3] Blocked attempt to add player yuanf2403 into team CMINP94 (expected team: 6yuanf2403A)
10.03.2025 - 15:40:36 - [TAB v5.0.3] Blocked attempt to add player fp_yuanf2403_3 into team CMINP0 (expected team: 6fp_yuanf2403_3A)
10.03.2025 - 15:40:42 - [TAB v5.0.3] Blocked attempt to add player fp_yuanf2403_3 into team CMINP222 (expected team: 6fp_yuanf2403_3A)
10.03.2025 - 16:05:00 - [TAB v5.0.3] Blocked attempt to add player fp_Duangfei_1 into team CMINP175 (expected team: 6fp_Duangfei_1A)
10.03.2025 - 18:04:10 - [TAB v5.0.3] Blocked attempt to add player Duangfei into team CMINP155 (expected team: 6DuangfeiA)
10.03.2025 - 18:14:07 - [TAB v5.0.3] Blocked attempt to add player Ocean_Yu into team CMINP212 (expected team: 6Ocean_YuA)
10.03.2025 - 19:05:04 - [TAB v5.0.3] Blocked attempt to add player Chikoro into team CMINP100 (expected team: 6ChikoroA)
10.03.2025 - 19:05:04 - [TAB v5.0.3] Blocked attempt to add player Chikoro into team CMINP100 (expected team: 6ChikoroA)
10.03.2025 - 19:40:47 - [TAB v5.0.3] Blocked attempt to add player Starry into team CMINP1 (expected team: 1StarryA)
10.03.2025 - 19:49:44 - [TAB v5.0.3] Blocked attempt to add player fp_Duangfei_2 into team CMINP176 (expected team: 6fp_Duangfei_2A)
10.03.2025 - 19:49:44 - [TAB v5.0.3] Blocked attempt to add player fp_Duangfei_2 into team CMINP176 (expected team: 6fp_Duangfei_2A)
10.03.2025 - 20:21:44 - [TAB v5.0.3] Blocked attempt to add player yuan_dan into team CMINP0 (expected team: 6yuan_danA)
10.03.2025 - 20:31:04 - [TAB v5.0.3] Blocked attempt to add player Chikoro into team CMINP100 (expected team: 6ChikoroA)
10.03.2025 - 20:54:54 - [TAB v5.0.3] Blocked attempt to add player fp_Duangfei_2 into team CMINP176 (expected team: 6fp_Duangfei_2A)
10.03.2025 - 21:12:09 - [TAB v5.0.3] Blocked attempt to add player Chikoro into team CMINP100 (expected team: 6ChikoroA)
10.03.2025 - 21:12:46 - [TAB v5.0.3] Blocked attempt to add player fp_Duangfei_2 into team CMINP176 (expected team: 6fp_Duangfei_2A)
10.03.2025 - 21:21:39 - [TAB v5.0.3] Blocked attempt to add player Starry into team CMINP1 (expected team: 1StarryA)
10.03.2025 - 22:05:33 - [TAB v5.0.3] Blocked attempt to add player yuanf2403 into team CMINP94 (expected team: 6yuanf2403A)
10.03.2025 - 22:37:59 - [TAB v5.0.3] Blocked attempt to add player fp_Duangfei_3 into team CMINP0 (expected team: 6fp_Duangfei_3A)
10.03.2025 - 23:14:38 - [TAB v5.0.3] Blocked attempt to add player Duangfei into team CMINP155 (expected team: 6DuangfeiA)
10.03.2025 - 23:20:13 - [TAB v5.0.3] Blocked attempt to add player yuanf2403 into team CMINP94 (expected team: 6yuanf2403A)
10.03.2025 - 23:51:39 - [TAB v5.0.3] Blocked attempt to add player Duangfei into team CMINP155 (expected team: 6DuangfeiA)
11.03.2025 - 00:05:01 - [TAB v5.0.3] Blocked attempt to add player Chikoro into team CMINP100 (expected team: 6ChikoroA)
11.03.2025 - 00:05:06 - [TAB v5.0.3] Blocked attempt to add player yuanf2403 into team CMINP94 (expected team: 6yuanf2403A)
11.03.2025 - 00:15:58 - [TAB v5.0.3] Blocked attempt to add player Duangfei into team CMINP155 (expected team: 6DuangfeiA)
11.03.2025 - 00:28:12 - [TAB v5.0.3] Blocked attempt to add player yuanf2403 into team CMINP94 (expected team: 6yuanf2403A)
11.03.2025 - 01:23:12 - [TAB v5.0.3] Blocked attempt to add player fp_yuanf2403_1 into team CMINP219 (expected team: 6fp_yuanf2403_1A)
11.03.2025 - 01:24:47 - [TAB v5.0.3] Blocked attempt to add player fp_Duangfei_1 into team CMINP175 (expected team: 6fp_Duangfei_1A)
11.03.2025 - 01:40:49 - [TAB v5.0.3] Blocked attempt to add player fp_Duangfei_2 into team CMINP176 (expected team: 6fp_Duangfei_2A)
11.03.2025 - 01:42:08 - [TAB v5.0.3] Blocked attempt to add player fp_Duangfei_1 into team CMINP175 (expected team: 6fp_Duangfei_1A)
11.03.2025 - 01:56:53 - [TAB v5.0.3] Blocked attempt to add player fp_Duangfei_2 into team CMINP176 (expected team: 6fp_Duangfei_2A)
11.03.2025 - 06:37:02 - [TAB v5.0.3] Blocked attempt to add player yuan_dan into team CMINP223 (expected team: 6yuan_danA)
11.03.2025 - 10:55:47 - [TAB v5.0.3] Blocked attempt to add player yuanf2403 into team CMINP94 (expected team: 6yuanf2403A)
11.03.2025 - 11:22:05 - [TAB v5.0.3] Blocked attempt to add player Chikoro into team CMINP100 (expected team: 6ChikoroA)
11.03.2025 - 11:34:01 - [TAB v5.0.3] Blocked attempt to add player Duangfei into team CMINP155 (expected team: 6DuangfeiA)
11.03.2025 - 11:46:49 - [TAB v5.0.3] Blocked attempt to add player Ocean_Yu into team CMINP212 (expected team: 6Ocean_YuA)
11.03.2025 - 11:58:05 - [TAB v5.0.3] Blocked attempt to add player Duangfei into team CMINP155 (expected team: 6DuangfeiA)
11.03.2025 - 12:35:02 - [TAB v5.0.3] Blocked attempt to add player yuanf2403 into team CMINP94 (expected team: 6yuanf2403A)
11.03.2025 - 13:30:37 - [TAB v5.0.3] Blocked attempt to add player Chikoro into team CMINP100 (expected team: 6ChikoroA)
11.03.2025 - 13:32:35 - [TAB v5.0.3] Blocked attempt to add player yuanf2403 into team CMINP94 (expected team: 6yuanf2403A)
11.03.2025 - 13:39:20 - [TAB v5.0.3] Blocked attempt to add player fp_Duangfei_2 into team CMINP176 (expected team: 6fp_Duangfei_2A)
11.03.2025 - 13:51:10 - [TAB v5.0.3] Blocked attempt to add player Chikoro into team CMINP100 (expected team: 6ChikoroA)
11.03.2025 - 13:58:42 - [TAB v5.0.3] Blocked attempt to add player yuanf2403 into team CMINP94 (expected team: 6yuanf2403A)
11.03.2025 - 15:52:33 - [TAB v5.0.3] Blocked attempt to add player Duangfei into team CMINP155 (expected team: 6DuangfeiA)
11.03.2025 - 16:05:38 - [TAB v5.0.3] Blocked attempt to add player wamingdeng into team CMINP0 (expected team: 6wamingdengA)
11.03.2025 - 16:05:42 - [TAB v5.0.3] Blocked attempt to add player wamingdeng into team CMINP225 (expected team: 6wamingdengA)
11.03.2025 - 16:59:27 - [TAB v5.0.3] Blocked attempt to add player Duangfei into team CMINP155 (expected team: 6DuangfeiA)
11.03.2025 - 18:08:18 - [TAB v5.0.3] Blocked attempt to add player yuan_dan into team CMINP223 (expected team: 6yuan_danA)
11.03.2025 - 18:08:34 - [TAB v5.0.3] Blocked attempt to add player Ocean_Yu into team CMINP212 (expected team: 6Ocean_YuA)
11.03.2025 - 18:08:34 - [TAB v5.0.3] Blocked attempt to add player Ocean_Yu into team CMINP212 (expected team: 6Ocean_YuA)
11.03.2025 - 18:25:49 - [TAB v5.0.3] Blocked attempt to add player yuan_dan into team CMINP223 (expected team: 6yuan_danA)
11.03.2025 - 18:25:49 - [TAB v5.0.3] Blocked attempt to add player yuan_dan into team CMINP223 (expected team: 6yuan_danA)
11.03.2025 - 19:54:23 - [TAB v5.0.3] Blocked attempt to add player Starry into team CMINP1 (expected team: 1StarryA)
11.03.2025 - 19:56:00 - [TAB v5.0.3] Blocked attempt to add player Ocean_Yu into team CMINP212 (expected team: 6Ocean_YuA)
11.03.2025 - 19:56:32 - [TAB v5.0.3] Blocked attempt to add player Duangfei into team CMINP155 (expected team: 6DuangfeiA)
11.03.2025 - 20:21:55 - [TAB v5.0.3] Blocked attempt to add player Duangfei into team CMINP155 (expected team: 6DuangfeiA)
11.03.2025 - 20:33:33 - [TAB v5.0.3] Blocked attempt to add player Chikoro into team CMINP100 (expected team: 6ChikoroA)
11.03.2025 - 21:28:29 - [TAB v5.0.3] Blocked attempt to add player Ocean_stone into team CMINP0 (expected team: 6Ocean_stoneA)
11.03.2025 - 22:00:58 - [TAB v5.0.3] Blocked attempt to add player Duangfei into team CMINP155 (expected team: 6DuangfeiA)
11.03.2025 - 22:04:10 - [TAB v5.0.3] Blocked attempt to add player yuanf2403 into team CMINP94 (expected team: 6yuanf2403A)
11.03.2025 - 23:00:07 - [TAB v5.0.3] Blocked attempt to add player Chikoro into team CMINP100 (expected team: 6ChikoroA)
11.03.2025 - 23:07:46 - [TAB v5.0.3] Blocked attempt to add player yuanf2403 into team CMINP94 (expected team: 6yuanf2403A)
11.03.2025 - 23:44:13 - [TAB v5.0.3] Blocked attempt to add player Co11ap5e into team CMINP0 (expected team: 6Co11ap5eA)
12.03.2025 - 00:45:15 - [TAB v5.0.3] Blocked attempt to add player Duangfei into team CMINP155 (expected team: 6DuangfeiA)
12.03.2025 - 01:56:01 - [TAB v5.0.3] Blocked attempt to add player fp_yuanf2403_1 into team CMINP219 (expected team: 6fp_yuanf2403_1A)
12.03.2025 - 01:56:06 - [TAB v5.0.3] Blocked attempt to add player fp_yuanf2403_2 into team CMINP220 (expected team: 6fp_yuanf2403_2A)
12.03.2025 - 01:56:09 - [TAB v5.0.3] Blocked attempt to add player fp_yuanf2403_1 into team CMINP219 (expected team: 6fp_yuanf2403_1A)
12.03.2025 - 01:56:25 - [TAB v5.0.3] Blocked attempt to add player fp_yuanf2403_2 into team CMINP220 (expected team: 6fp_yuanf2403_2A)
12.03.2025 - 01:56:38 - [TAB v5.0.3] Blocked attempt to add player fp_yuanf2403_3 into team CMINP222 (expected team: 6fp_yuanf2403_3A)
12.03.2025 - 01:57:06 - [TAB v5.0.3] Blocked attempt to add player fp_yuanf2403_4 into team CMINP0 (expected team: 6fp_yuanf2403_4A)
12.03.2025 - 01:57:26 - [TAB v5.0.3] Blocked attempt to add player fp_Duangfei_1 into team CMINP175 (expected team: 6fp_Duangfei_1A)
12.03.2025 - 02:03:11 - [TAB v5.0.3] Blocked attempt to add player fp_yuanf2403_4 into team CMINP228 (expected team: 6fp_yuanf2403_4A)
12.03.2025 - 02:08:08 - [TAB v5.0.3] Blocked attempt to add player fp_yuanf2403_5 into team CMINP0 (expected team: 6fp_yuanf2403_5A)
12.03.2025 - 02:46:10 - [TAB v5.0.3] Blocked attempt to add player fp_Duangfei_2 into team CMINP176 (expected team: 6fp_Duangfei_2A)
12.03.2025 - 02:46:26 - [TAB v5.0.3] Blocked attempt to add player fp_Duangfei_3 into team CMINP224 (expected team: 6fp_Duangfei_3A)
12.03.2025 - 10:21:35 - [TAB v5.0.3] Blocked attempt to add player Chikoro into team CMINP100 (expected team: 6ChikoroA)
12.03.2025 - 10:58:55 - [TAB v5.0.3] Blocked attempt to add player yuanf2403 into team CMINP94 (expected team: 6yuanf2403A)
12.03.2025 - 11:02:24 - [TAB v5.0.3] Blocked attempt to add player Duangfei into team CMINP155 (expected team: 6DuangfeiA)
12.03.2025 - 11:33:01 - [TAB v5.0.3] Blocked attempt to add player fp_Duangfei_4 into team CMINP0 (expected team: 6fp_Duangfei_4A)
12.03.2025 - 12:00:22 - [TAB v5.0.3] Blocked attempt to add player fp_Duangfei_3 into team CMINP224 (expected team: 6fp_Duangfei_3A)
12.03.2025 - 12:21:15 - [TAB v5.0.3] Blocked attempt to add player Duangfei into team CMINP155 (expected team: 6DuangfeiA)
12.03.2025 - 12:44:40 - [TAB v5.0.3] Blocked attempt to add player Co11ap5e into team CMINP227 (expected team: 6Co11ap5eA)
12.03.2025 - 12:51:41 - [TAB v5.0.3] Blocked attempt to add player wenrun666 into team CMINP195 (expected team: 6wenrun666A)
12.03.2025 - 13:27:00 - [TAB v5.0.3] Blocked attempt to add player Duangfei into team CMINP155 (expected team: 6DuangfeiA)
12.03.2025 - 13:31:06 - [TAB v5.0.3] Blocked attempt to add player Chikoro into team CMINP100 (expected team: 6ChikoroA)
12.03.2025 - 13:56:41 - [TAB v5.0.3] Blocked attempt to add player Duangfei into team CMINP155 (expected team: 6DuangfeiA)
12.03.2025 - 14:06:38 - [TAB v5.0.3] Blocked attempt to add player Chikoro into team CMINP100 (expected team: 6ChikoroA)
12.03.2025 - 14:50:39 - [TAB v5.0.3] Blocked attempt to add player fp_Duangfei_2 into team CMINP176 (expected team: 6fp_Duangfei_2A)
12.03.2025 - 14:51:06 - [TAB v5.0.3] Blocked attempt to add player fp_Chikoro_1 into team CMINP201 (expected team: 6fp_Chikoro_1A)
12.03.2025 - 15:22:42 - [TAB v5.0.3] Blocked attempt to add player fp_Duangfei_3 into team CMINP224 (expected team: 6fp_Duangfei_3A)
12.03.2025 - 15:53:58 - [TAB v5.0.3] Blocked attempt to add player fp_Chikoro_1 into team CMINP201 (expected team: 6fp_Chikoro_1A)
12.03.2025 - 16:21:07 - [TAB v5.0.3] Blocked attempt to add player fp_Chikoro_2 into team CMINP218 (expected team: 6fp_Chikoro_2A)
12.03.2025 - 17:08:49 - [TAB v5.0.3] Blocked attempt to add player Ocean_Yu into team CMINP212 (expected team: 6Ocean_YuA)
12.03.2025 - 17:11:23 - [TAB v5.0.3] Blocked attempt to add player Ocean_stone into team CMINP226 (expected team: 6Ocean_stoneA)
12.03.2025 - 17:31:25 - [TAB v5.0.3] Blocked attempt to add player Ocean_Yu into team CMINP212 (expected team: 6Ocean_YuA)
12.03.2025 - 19:42:35 - [TAB v5.0.3] Blocked attempt to add player Chikoro into team CMINP100 (expected team: 6ChikoroA)
12.03.2025 - 20:40:00 - [TAB v5.0.3] Blocked attempt to add player fp_Duangfei_1 into team CMINP175 (expected team: 6fp_Duangfei_1A)
12.03.2025 - 20:52:45 - [TAB v5.0.3] Blocked attempt to add player Starry into team CMINP1 (expected team: 1StarryA)
12.03.2025 - 21:00:05 - [TAB v5.0.3] Blocked attempt to add player fp_Duangfei_5 into team CMINP0 (expected team: 6fp_Duangfei_5A)
12.03.2025 - 21:00:06 - [TAB v5.0.3] Blocked attempt to add player fp_Duangfei_5 into team CMINP231 (expected team: 6fp_Duangfei_5A)
12.03.2025 - 21:07:19 - [TAB v5.0.3] Blocked attempt to add player fp_Duangfei_6 into team CMINP0 (expected team: 6fp_Duangfei_6A)
12.03.2025 - 21:11:09 - [TAB v5.0.3] Blocked attempt to add player Starry into team CMINP1 (expected team: 1StarryA)
12.03.2025 - 21:33:43 - [TAB v5.0.3] Blocked attempt to add player Duangfei into team CMINP155 (expected team: 6DuangfeiA)
12.03.2025 - 21:33:43 - [TAB v5.0.3] Blocked attempt to add player Duangfei into team CMINP155 (expected team: 6DuangfeiA)
12.03.2025 - 22:16:22 - [TAB v5.0.3] Blocked attempt to add player yuanf2403 into team CMINP94 (expected team: 6yuanf2403A)
12.03.2025 - 22:17:29 - [TAB v5.0.3] Blocked attempt to add player Duangfei into team CMINP155 (expected team: 6DuangfeiA)
12.03.2025 - 22:21:53 - [TAB v5.0.3] Blocked attempt to add player yuanf2403 into team CMINP94 (expected team: 6yuanf2403A)
12.03.2025 - 22:32:37 - [TAB v5.0.3] Blocked attempt to add player fp_Duangfei_1 into team CMINP175 (expected team: 6fp_Duangfei_1A)
12.03.2025 - 22:42:02 - [TAB v5.0.3] Blocked attempt to add player yuanf2403 into team CMINP94 (expected team: 6yuanf2403A)
13.03.2025 - 00:03:09 - [TAB v5.0.3] Blocked attempt to add player Duangfei into team CMINP155 (expected team: 6DuangfeiA)
13.03.2025 - 00:13:53 - [TAB v5.0.3] Blocked attempt to add player fp_Duangfei_1 into team CMINP175 (expected team: 6fp_Duangfei_1A)
13.03.2025 - 00:32:43 - [TAB v5.0.3] Blocked attempt to add player Duangfei into team CMINP155 (expected team: 6DuangfeiA)
13.03.2025 - 00:41:59 - [TAB v5.0.3] Blocked attempt to add player fp_Duangfei_1 into team CMINP175 (expected team: 6fp_Duangfei_1A)
13.03.2025 - 10:34:24 - [TAB v5.0.3] Blocked attempt to add player yuanf2403 into team CMINP94 (expected team: 6yuanf2403A)
13.03.2025 - 11:37:35 - [TAB v5.0.3] Blocked attempt to add player Ocean_Yu into team CMINP212 (expected team: 6Ocean_YuA)
13.03.2025 - 11:46:07 - [TAB v5.0.3] Blocked attempt to add player Chikoro into team CMINP100 (expected team: 6ChikoroA)
13.03.2025 - 12:13:21 - [TAB v5.0.3] Blocked attempt to add player Duangfei into team CMINP155 (expected team: 6DuangfeiA)
13.03.2025 - 12:15:41 - [TAB v5.0.3] Blocked attempt to add player Ocean_Yu into team CMINP212 (expected team: 6Ocean_YuA)
13.03.2025 - 12:17:34 - [TAB v5.0.3] Blocked attempt to add player fp_Duangfei_2 into team CMINP176 (expected team: 6fp_Duangfei_2A)
13.03.2025 - 12:24:21 - [TAB v5.0.3] Blocked attempt to add player fp_Chikoro_1 into team CMINP201 (expected team: 6fp_Chikoro_1A)
13.03.2025 - 12:35:40 - [TAB v5.0.3] Blocked attempt to add player Ocean_Yu into team CMINP212 (expected team: 6Ocean_YuA)
13.03.2025 - 13:31:40 - [TAB v5.0.3] Blocked attempt to add player Chikoro into team CMINP100 (expected team: 6ChikoroA)
13.03.2025 - 13:42:24 - [TAB v5.0.3] Blocked attempt to add player fp_Duangfei_1 into team CMINP175 (expected team: 6fp_Duangfei_1A)
13.03.2025 - 13:46:42 - [TAB v5.0.3] Blocked attempt to add player fp_Duangfei_2 into team CMINP176 (expected team: 6fp_Duangfei_2A)
13.03.2025 - 13:54:21 - [TAB v5.0.3] Blocked attempt to add player Chikoro into team CMINP100 (expected team: 6ChikoroA)
13.03.2025 - 15:25:55 - [TAB v5.0.3] Blocked attempt to add player fp_Duangfei_3 into team CMINP224 (expected team: 6fp_Duangfei_3A)
13.03.2025 - 15:25:55 - [TAB v5.0.3] Blocked attempt to add player fp_Duangfei_3 into team CMINP224 (expected team: 6fp_Duangfei_3A)
13.03.2025 - 16:42:51 - [TAB v5.0.3] Blocked attempt to add player Chikoro into team CMINP100 (expected team: 6ChikoroA)
13.03.2025 - 16:44:50 - [TAB v5.0.3] Blocked attempt to add player Ocean_Yu into team CMINP212 (expected team: 6Ocean_YuA)
13.03.2025 - 17:46:06 - [TAB v5.0.3] Blocked attempt to add player fp_Duangfei_3 into team CMINP224 (expected team: 6fp_Duangfei_3A)
13.03.2025 - 17:46:06 - [TAB v5.0.3] Blocked attempt to add player fp_Duangfei_3 into team CMINP224 (expected team: 6fp_Duangfei_3A)
13.03.2025 - 17:53:05 - [TAB v5.0.3] Blocked attempt to add player Ocean_stoneA into team CMINP0 (expected team: 6Ocean_stoneAA)
13.03.2025 - 19:36:28 - [TAB v5.0.3] Blocked attempt to add player Duangfei into team CMINP155 (expected team: 6DuangfeiA)
13.03.2025 - 19:39:36 - [TAB v5.0.3] Blocked attempt to add player Chikoro into team CMINP100 (expected team: 6ChikoroA)
13.03.2025 - 19:41:19 - [TAB v5.0.3] Blocked attempt to add player fp_Chikoro_1 into team CMINP201 (expected team: 6fp_Chikoro_1A)
13.03.2025 - 20:07:52 - [TAB v5.0.3] Blocked attempt to add player Starry into team CMINP1 (expected team: 1StarryA)
13.03.2025 - 20:12:43 - [TAB v5.0.3] Blocked attempt to add player Chikoro into team CMINP100 (expected team: 6ChikoroA)
13.03.2025 - 20:12:59 - [TAB v5.0.3] Blocked attempt to add player Starry into team CMINP1 (expected team: 1StarryA)
13.03.2025 - 20:13:13 - [TAB v5.0.3] Blocked attempt to add player fp_Starry_1 into team CMINP43 (expected team: 6fp_Starry_1A)
13.03.2025 - 20:13:17 - [TAB v5.0.3] Blocked attempt to add player fp_Starry_2 into team CMINP44 (expected team: 6fp_Starry_2A)
13.03.2025 - 20:14:27 - [TAB v5.0.3] Blocked attempt to add player fp_Chikoro_1 into team CMINP201 (expected team: 6fp_Chikoro_1A)
13.03.2025 - 20:14:37 - [TAB v5.0.3] Blocked attempt to add player houzidiguo into team CMINP0 (expected team: 6houzidiguoA)
13.03.2025 - 20:26:56 - [TAB v5.0.3] Blocked attempt to add player Ocean_Yu into team CMINP212 (expected team: 6Ocean_YuA)
13.03.2025 - 20:48:16 - [TAB v5.0.3] Blocked attempt to add player Duangfei into team CMINP155 (expected team: 6DuangfeiA)
13.03.2025 - 21:09:46 - [TAB v5.0.3] Blocked attempt to add player fp_Chikoro_2 into team CMINP218 (expected team: 6fp_Chikoro_2A)
13.03.2025 - 21:19:22 - [TAB v5.0.3] Blocked attempt to add player m_1 into team CMINP0 (expected team: 6m_1A)
13.03.2025 - 21:22:26 - [TAB v5.0.3] Blocked attempt to add player fp_Duangfei_1 into team CMINP175 (expected team: 6fp_Duangfei_1A)
13.03.2025 - 21:35:09 - [TAB v5.0.3] Blocked attempt to add player Starry into team CMINP1 (expected team: 1StarryA)
13.03.2025 - 21:46:39 - [TAB v5.0.3] Blocked attempt to add player FosterElf841546 into team CMINP184 (expected team: 6FosterElf84154A)
13.03.2025 - 22:17:44 - [TAB v5.0.3] Blocked attempt to add player yuanf2403 into team CMINP94 (expected team: 6yuanf2403A)
13.03.2025 - 22:26:53 - [TAB v5.0.3] Blocked attempt to add player fp_Chikoro_2 into team CMINP218 (expected team: 6fp_Chikoro_2A)
13.03.2025 - 22:30:25 - [TAB v5.0.3] Blocked attempt to add player FosterElf841546 into team CMINP184 (expected team: 6FosterElf84154A)
13.03.2025 - 23:02:16 - [TAB v5.0.3] Blocked attempt to add player eryryrd into team CMINP236 (expected team: 6eryryrdA)
13.03.2025 - 23:24:05 - [TAB v5.0.3] Blocked attempt to add player fp_Duangfei_1 into team CMINP175 (expected team: 6fp_Duangfei_1A)
13.03.2025 - 23:24:05 - [TAB v5.0.3] Blocked attempt to add player fp_Duangfei_1 into team CMINP175 (expected team: 6fp_Duangfei_1A)
13.03.2025 - 23:34:28 - [TAB v5.0.3] Blocked attempt to add player fp_yuanf2403_1 into team CMINP219 (expected team: 6fp_yuanf2403_1A)
13.03.2025 - 23:34:32 - [TAB v5.0.3] Blocked attempt to add player fp_yuanf2403_2 into team CMINP220 (expected team: 6fp_yuanf2403_2A)
13.03.2025 - 23:34:39 - [TAB v5.0.3] Blocked attempt to add player fp_yuanf2403_1 into team CMINP219 (expected team: 6fp_yuanf2403_1A)
13.03.2025 - 23:55:43 - [TAB v5.0.3] Blocked attempt to add player Duangfei into team CMINP155 (expected team: 6DuangfeiA)
14.03.2025 - 10:46:35 - [TAB v5.0.3] Blocked attempt to add player Chikoro into team CMINP100 (expected team: 6ChikoroA)
14.03.2025 - 11:10:58 - [TAB v5.0.3] Blocked attempt to add player yuanf2403 into team CMINP94 (expected team: 6yuanf2403A)
14.03.2025 - 12:07:24 - [TAB v5.0.3] Blocked attempt to add player Chikoro into team CMINP100 (expected team: 6ChikoroA)
14.03.2025 - 12:26:27 - [TAB v5.0.3] Blocked attempt to add player Ocean_Yu into team CMINP212 (expected team: 6Ocean_YuA)
14.03.2025 - 12:51:39 - [TAB v5.0.3] Blocked attempt to add player Chikoro into team CMINP100 (expected team: 6ChikoroA)
14.03.2025 - 13:40:08 - [TAB v5.0.3] Blocked attempt to add player houzidiguo into team CMINP234 (expected team: 6houzidiguoA)
14.03.2025 - 14:04:15 - [TAB v5.0.3] Blocked attempt to add player Ocean_stoneA into team CMINP233 (expected team: 6Ocean_stoneAA)
14.03.2025 - 14:07:06 - [TAB v5.0.3] Blocked attempt to add player m_2 into team CMINP0 (expected team: 6m_2A)
14.03.2025 - 14:08:27 - [TAB v5.0.3] Blocked attempt to add player m_3 into team CMINP0 (expected team: 6m_3A)
14.03.2025 - 14:09:20 - [TAB v5.0.3] Blocked attempt to add player m_4 into team CMINP0 (expected team: 6m_4A)
14.03.2025 - 14:38:08 - [TAB v5.0.3] Blocked attempt to add player Duangfei into team CMINP155 (expected team: 6DuangfeiA)
14.03.2025 - 14:38:08 - [TAB v5.0.3] Blocked attempt to add player Duangfei into team CMINP155 (expected team: 6DuangfeiA)
14.03.2025 - 14:38:43 - [TAB v5.0.3] Blocked attempt to add player m_2 into team CMINP237 (expected team: 6m_2A)
14.03.2025 - 14:44:02 - [TAB v5.0.3] Blocked attempt to add player fp_Chikoro_2 into team CMINP218 (expected team: 6fp_Chikoro_2A)
14.03.2025 - 14:44:02 - [TAB v5.0.3] Blocked attempt to add player fp_Chikoro_2 into team CMINP218 (expected team: 6fp_Chikoro_2A)
14.03.2025 - 15:07:49 - [TAB v5.0.3] Blocked attempt to add player fp_Chikoro_3 into team CMINP0 (expected team: 6fp_Chikoro_3A)
14.03.2025 - 15:08:00 - [TAB v5.0.3] Blocked attempt to add player fp_Chikoro_4 into team CMINP0 (expected team: 6fp_Chikoro_4A)
14.03.2025 - 15:08:09 - [TAB v5.0.3] Blocked attempt to add player fp_Chikoro_5 into team CMINP0 (expected team: 6fp_Chikoro_5A)
14.03.2025 - 15:34:43 - [TAB v5.0.3] Blocked attempt to add player fp_houzidiguo_1 into team CMINP0 (expected team: 6fp_houzidiguo_A)
14.03.2025 - 15:34:44 - [TAB v5.0.3] Blocked attempt to add player fp_houzidiguo_2 into team CMINP0 (expected team: 6fp_houzidiguo_A)
14.03.2025 - 15:34:44 - [TAB v5.0.3] Blocked attempt to add player fp_houzidiguo_3 into team CMINP0 (expected team: 6fp_houzidiguo_A)
14.03.2025 - 15:34:45 - [TAB v5.0.3] Blocked attempt to add player fp_houzidiguo_5 into team CMINP0 (expected team: 6fp_houzidiguo_A)
14.03.2025 - 15:34:47 - [TAB v5.0.3] Blocked attempt to add player fp_houzidiguo_4 into team CMINP0 (expected team: 6fp_houzidiguo_A)
14.03.2025 - 15:34:55 - [TAB v5.0.3] Blocked attempt to add player fp_houzidiguo_1 into team CMINP245 (expected team: 6fp_houzidiguo_A)
14.03.2025 - 15:34:56 - [TAB v5.0.3] Blocked attempt to add player fp_houzidiguo_2 into team CMINP246 (expected team: 6fp_houzidiguo_B)
14.03.2025 - 15:34:57 - [TAB v5.0.3] Blocked attempt to add player fp_houzidiguo_3 into team CMINP243 (expected team: 6fp_houzidiguo_C)
14.03.2025 - 15:34:58 - [TAB v5.0.3] Blocked attempt to add player fp_houzidiguo_4 into team CMINP244 (expected team: 6fp_houzidiguo_D)
14.03.2025 - 15:35:35 - [TAB v5.0.3] Blocked attempt to add player fp_houzidiguo_1 into team CMINP245 (expected team: 6fp_houzidiguo_A)
14.03.2025 - 15:35:36 - [TAB v5.0.3] Blocked attempt to add player fp_houzidiguo_2 into team CMINP246 (expected team: 6fp_houzidiguo_B)
14.03.2025 - 15:35:37 - [TAB v5.0.3] Blocked attempt to add player fp_houzidiguo_3 into team CMINP243 (expected team: 6fp_houzidiguo_C)
14.03.2025 - 15:35:37 - [TAB v5.0.3] Blocked attempt to add player fp_houzidiguo_4 into team CMINP244 (expected team: 6fp_houzidiguo_D)
14.03.2025 - 15:35:38 - [TAB v5.0.3] Blocked attempt to add player fp_houzidiguo_5 into team CMINP247 (expected team: 6fp_houzidiguo_E)
14.03.2025 - 16:01:32 - [TAB v5.0.3] Blocked attempt to add player fp_Duangfei_1 into team CMINP175 (expected team: 6fp_Duangfei_1A)
14.03.2025 - 18:07:07 - [TAB v5.0.3] Blocked attempt to add player Ocean_Yu into team CMINP212 (expected team: 6Ocean_YuA)
14.03.2025 - 18:15:08 - [TAB v5.0.3] Blocked attempt to add player Ocean_stoneA into team CMINP233 (expected team: 6Ocean_stoneAA)
14.03.2025 - 18:15:19 - [TAB v5.0.3] Blocked attempt to add player Ocean_stone into team CMINP226 (expected team: 6Ocean_stoneA)
14.03.2025 - 18:32:06 - [TAB v5.0.3] Blocked attempt to add player Chikoro into team CMINP100 (expected team: 6ChikoroA)
14.03.2025 - 18:56:36 - [TAB v5.0.3] Blocked attempt to add player yuanf2403 into team CMINP94 (expected team: 6yuanf2403A)
14.03.2025 - 19:04:01 - [TAB v5.0.3] Blocked attempt to add player Ocean_Yu into team CMINP212 (expected team: 6Ocean_YuA)
14.03.2025 - 19:09:52 - [TAB v5.0.3] Blocked attempt to add player Dian_Ron into team CMINP209 (expected team: 6Dian_RonA)
14.03.2025 - 19:14:13 - [TAB v5.0.3] Blocked attempt to add player fp_yuanf2403_2 into team CMINP220 (expected team: 6fp_yuanf2403_2A)
14.03.2025 - 19:25:39 - [TAB v5.0.3] Blocked attempt to add player Ocean_stone into team CMINP226 (expected team: 6Ocean_stoneA)
14.03.2025 - 19:25:39 - [TAB v5.0.3] Blocked attempt to add player Ocean_stone into team CMINP226 (expected team: 6Ocean_stoneA)
14.03.2025 - 19:29:23 - [TAB v5.0.3] Blocked attempt to add player Chikoro into team CMINP100 (expected team: 6ChikoroA)
14.03.2025 - 19:40:45 - [TAB v5.0.3] Blocked attempt to add player Starry into team CMINP1 (expected team: 1StarryA)
14.03.2025 - 19:43:15 - [TAB v5.0.3] Blocked attempt to add player yuanf2403 into team CMINP94 (expected team: 6yuanf2403A)
14.03.2025 - 19:52:35 - [TAB v5.0.3] Blocked attempt to add player fp_Duangfei_2 into team CMINP176 (expected team: 6fp_Duangfei_2A)
14.03.2025 - 20:24:57 - [TAB v5.0.3] Blocked attempt to add player Chikoro into team CMINP100 (expected team: 6ChikoroA)
14.03.2025 - 20:36:16 - [TAB v5.0.3] Blocked attempt to add player pjfbn into team CMINP0 (expected team: 6pjfbnA)
14.03.2025 - 20:36:16 - [TAB v5.0.3] Blocked attempt to add player pjfbn into team CMINP0 (expected team: 6pjfbnA)
14.03.2025 - 21:03:42 - [TAB v5.0.3] Blocked attempt to add player fp_Duangfei_3 into team CMINP224 (expected team: 6fp_Duangfei_3A)
14.03.2025 - 21:03:42 - [TAB v5.0.3] Blocked attempt to add player fp_Duangfei_3 into team CMINP224 (expected team: 6fp_Duangfei_3A)
14.03.2025 - 21:10:09 - [TAB v5.0.3] Blocked attempt to add player Ocean_Yu into team CMINP212 (expected team: 6Ocean_YuA)
14.03.2025 - 21:29:51 - [TAB v5.0.3] Blocked attempt to add player fp_Duangfei_4 into team CMINP230 (expected team: 6fp_Duangfei_4A)
14.03.2025 - 21:34:07 - [TAB v5.0.3] Blocked attempt to add player Ocean_stone into team CMINP226 (expected team: 6Ocean_stoneA)
14.03.2025 - 22:00:45 - [TAB v5.0.3] Blocked attempt to add player One_Yc into team CMINP0 (expected team: 6One_YcA)
14.03.2025 - 22:14:58 - [TAB v5.0.3] Blocked attempt to add player yuan_dan into team CMINP223 (expected team: 6yuan_danA)
14.03.2025 - 22:17:17 - [TAB v5.0.3] Blocked attempt to add player Duangfei into team CMINP155 (expected team: 6DuangfeiA)
14.03.2025 - 22:30:41 - [TAB v5.0.3] Blocked attempt to add player yuan_dan into team CMINP223 (expected team: 6yuan_danA)
14.03.2025 - 23:02:23 - [TAB v5.0.3] Blocked attempt to add player WinterOffer into team CMINP0 (expected team: 6WinterOfferA)
14.03.2025 - 23:03:49 - [TAB v5.0.3] Blocked attempt to add player fp_Duangfei_2 into team CMINP176 (expected team: 6fp_Duangfei_2A)
14.03.2025 - 23:03:49 - [TAB v5.0.3] Blocked attempt to add player fp_Duangfei_2 into team CMINP176 (expected team: 6fp_Duangfei_2A)
14.03.2025 - 23:19:42 - [TAB v5.0.3] Blocked attempt to add player Ocean_Yu into team CMINP212 (expected team: 6Ocean_YuA)
14.03.2025 - 23:19:42 - [TAB v5.0.3] Blocked attempt to add player Ocean_Yu into team CMINP212 (expected team: 6Ocean_YuA)
14.03.2025 - 23:45:37 - [TAB v5.0.3] Blocked attempt to add player Co11ap5e into team CMINP227 (expected team: 6Co11ap5eA)
14.03.2025 - 23:52:03 - [TAB v5.0.3] Blocked attempt to add player Ocean_Yu into team CMINP212 (expected team: 6Ocean_YuA)
15.03.2025 - 00:22:11 - [TAB v5.0.3] Blocked attempt to add player Duangfei into team CMINP155 (expected team: 6DuangfeiA)
15.03.2025 - 00:23:17 - [TAB v5.0.3] Blocked attempt to add player yuanf2403 into team CMINP94 (expected team: 6yuanf2403A)
15.03.2025 - 01:12:40 - [TAB v5.0.3] Blocked attempt to add player fp_Duangfei_1 into team CMINP175 (expected team: 6fp_Duangfei_1A)
15.03.2025 - 03:07:23 - [TAB v5.0.3] Blocked attempt to add player Duangfei into team CMINP155 (expected team: 6DuangfeiA)
15.03.2025 - 07:17:46 - [TAB v5.0.3] Blocked attempt to add player yuan_dan into team CMINP223 (expected team: 6yuan_danA)
15.03.2025 - 07:57:00 - [TAB v5.0.3] Blocked attempt to add player Ocean_Yu into team CMINP212 (expected team: 6Ocean_YuA)
15.03.2025 - 08:42:18 - [TAB v5.0.3] Blocked attempt to add player yuan_dan into team CMINP223 (expected team: 6yuan_danA)
15.03.2025 - 08:57:00 - [TAB v5.0.3] Blocked attempt to add player Ocean_stone into team CMINP226 (expected team: 6Ocean_stoneA)
15.03.2025 - 09:20:45 - [TAB v5.0.3] Blocked attempt to add player oaa into team CMINP0 (expected team: 6oaaA)
15.03.2025 - 09:29:24 - [TAB v5.0.3] Blocked attempt to add player wenrun666 into team CMINP195 (expected team: 6wenrun666A)
15.03.2025 - 10:43:03 - [TAB v5.0.3] Blocked attempt to add player yuanf2403 into team CMINP94 (expected team: 6yuanf2403A)
15.03.2025 - 12:17:54 - [TAB v5.0.3] Blocked attempt to add player fp_yuanf2403_1 into team CMINP219 (expected team: 6fp_yuanf2403_1A)
15.03.2025 - 12:20:47 - [TAB v5.0.3] Blocked attempt to add player fp_oaa_1 into team CMINP0 (expected team: 6fp_oaa_1A)
15.03.2025 - 12:20:50 - [TAB v5.0.3] Blocked attempt to add player fp_oaa_2 into team CMINP0 (expected team: 6fp_oaa_2A)
15.03.2025 - 12:20:50 - [TAB v5.0.3] Blocked attempt to add player fp_oaa_1 into team CMINP0 (expected team: 6fp_oaa_1A)
15.03.2025 - 12:20:50 - [TAB v5.0.3] Blocked attempt to add player fp_oaa_3 into team CMINP0 (expected team: 6fp_oaa_3A)
15.03.2025 - 12:20:50 - [TAB v5.0.3] Blocked attempt to add player fp_oaa_3 into team CMINP0 (expected team: 6fp_oaa_3A)
15.03.2025 - 12:20:51 - [TAB v5.0.3] Blocked attempt to add player fp_oaa_4 into team CMINP0 (expected team: 6fp_oaa_4A)
15.03.2025 - 12:24:29 - [TAB v5.0.3] Blocked attempt to add player oaa into team CMINP251 (expected team: 6oaaA)
15.03.2025 - 12:40:11 - [TAB v5.0.3] Blocked attempt to add player Chikoro into team CMINP100 (expected team: 6ChikoroA)
15.03.2025 - 13:23:57 - [TAB v5.0.3] Blocked attempt to add player Starry into team CMINP1 (expected team: 1StarryA)
15.03.2025 - 13:42:12 - [TAB v5.0.3] Blocked attempt to add player oaa into team CMINP251 (expected team: 6oaaA)
15.03.2025 - 14:16:41 - [TAB v5.0.3] Blocked attempt to add player Ocean_Yu into team CMINP212 (expected team: 6Ocean_YuA)
15.03.2025 - 14:26:46 - [TAB v5.0.3] Blocked attempt to add player Starry into team CMINP1 (expected team: 1StarryA)
15.03.2025 - 15:03:18 - [TAB v5.0.3] Blocked attempt to add player Ocean_stone into team CMINP226 (expected team: 6Ocean_stoneA)
15.03.2025 - 15:03:43 - [TAB v5.0.3] Blocked attempt to add player Ocean_finshing into team CMINP0 (expected team: 6Ocean_finshingA)
15.03.2025 - 15:33:31 - [TAB v5.0.3] Blocked attempt to add player fp_oaa_1 into team CMINP255 (expected team: 6fp_oaa_1A)
15.03.2025 - 15:33:31 - [TAB v5.0.3] Blocked attempt to add player fp_oaa_2 into team CMINP254 (expected team: 6fp_oaa_2A)
15.03.2025 - 15:33:36 - [TAB v5.0.3] Blocked attempt to add player fp_oaa_3 into team CMINP253 (expected team: 6fp_oaa_3A)
15.03.2025 - 15:33:36 - [TAB v5.0.3] Blocked attempt to add player fp_oaa_4 into team CMINP252 (expected team: 6fp_oaa_4A)
15.03.2025 - 15:33:36 - [TAB v5.0.3] Blocked attempt to add player fp_oaa_4 into team CMINP252 (expected team: 6fp_oaa_4A)
15.03.2025 - 15:33:36 - [TAB v5.0.3] Blocked attempt to add player fp_oaa_1 into team CMINP255 (expected team: 6fp_oaa_1A)
15.03.2025 - 15:33:39 - [TAB v5.0.3] Blocked attempt to add player fp_oaa_5 into team CMINP0 (expected team: 6fp_oaa_5A)
15.03.2025 - 15:35:36 - [TAB v5.0.3] Blocked attempt to add player Ocean_finshing into team CMINP256 (expected team: 6Ocean_finshingA)
15.03.2025 - 16:02:02 - [TAB v5.0.3] Blocked attempt to add player Starry into team CMINP1 (expected team: 1StarryA)
15.03.2025 - 16:02:54 - [TAB v5.0.3] Blocked attempt to add player oaa into team CMINP251 (expected team: 6oaaA)
15.03.2025 - 16:19:50 - [TAB v5.0.3] Blocked attempt to add player Starry into team CMINP1 (expected team: 1StarryA)
15.03.2025 - 16:21:01 - [TAB v5.0.3] Blocked attempt to add player oaa into team CMINP251 (expected team: 6oaaA)
15.03.2025 - 16:23:21 - [TAB v5.0.3] Blocked attempt to add player Starry into team CMINP1 (expected team: 1StarryA)
15.03.2025 - 16:30:22 - [TAB v5.0.3] Blocked attempt to add player oaa into team CMINP251 (expected team: 6oaaA)
15.03.2025 - 17:03:36 - [TAB v5.0.3] Blocked attempt to add player Duangfei into team CMINP155 (expected team: 6DuangfeiA)
15.03.2025 - 17:20:46 - [TAB v5.0.3] Blocked attempt to add player Ocean_Yu into team CMINP212 (expected team: 6Ocean_YuA)
15.03.2025 - 17:22:25 - [TAB v5.0.3] Blocked attempt to add player Brmdxc into team CMINP258 (expected team: 6BrmdxcA)
15.03.2025 - 17:30:54 - [TAB v5.0.3] Blocked attempt to add player fp_Brmdxc_1 into team CMINP0 (expected team: 6fp_Brmdxc_1A)
15.03.2025 - 17:32:04 - [TAB v5.0.3] Blocked attempt to add player Duangfei into team CMINP155 (expected team: 6DuangfeiA)
15.03.2025 - 17:32:12 - [TAB v5.0.3] Blocked attempt to add player fp_Brmdxc_1 into team CMINP259 (expected team: 6fp_Brmdxc_1A)
15.03.2025 - 17:37:02 - [TAB v5.0.3] Blocked attempt to add player fp_Duangfei_1 into team CMINP175 (expected team: 6fp_Duangfei_1A)
15.03.2025 - 17:37:10 - [TAB v5.0.3] Blocked attempt to add player fp_Duangfei_2 into team CMINP176 (expected team: 6fp_Duangfei_2A)
15.03.2025 - 17:37:17 - [TAB v5.0.3] Blocked attempt to add player fp_Duangfei_3 into team CMINP224 (expected team: 6fp_Duangfei_3A)
15.03.2025 - 17:38:15 - [TAB v5.0.3] Blocked attempt to add player fp_Brmdxc_1 into team CMINP259 (expected team: 6fp_Brmdxc_1A)
15.03.2025 - 17:38:15 - [TAB v5.0.3] Blocked attempt to add player fp_Brmdxc_1 into team CMINP259 (expected team: 6fp_Brmdxc_1A)
15.03.2025 - 17:46:59 - [TAB v5.0.3] Blocked attempt to add player Brmdxc into team CMINP258 (expected team: 6BrmdxcA)
15.03.2025 - 17:52:43 - [TAB v5.0.3] Blocked attempt to add player Starry into team CMINP1 (expected team: 1StarryA)
15.03.2025 - 18:00:38 - [TAB v5.0.3] Blocked attempt to add player fp_Duangfei_1 into team CMINP175 (expected team: 6fp_Duangfei_1A)
15.03.2025 - 18:34:24 - [TAB v5.0.3] Blocked attempt to add player Co11ap5e into team CMINP227 (expected team: 6Co11ap5eA)
15.03.2025 - 18:41:31 - [TAB v5.0.3] Blocked attempt to add player fp_Duangfei_1 into team CMINP175 (expected team: 6fp_Duangfei_1A)
15.03.2025 - 18:41:38 - [TAB v5.0.3] Blocked attempt to add player fp_Duangfei_2 into team CMINP176 (expected team: 6fp_Duangfei_2A)
15.03.2025 - 18:45:50 - [TAB v5.0.3] Blocked attempt to add player Brmdxc into team CMINP258 (expected team: 6BrmdxcA)
15.03.2025 - 19:11:03 - [TAB v5.0.3] Blocked attempt to add player 123 into team CMINP179 (expected team: 6123A)
15.03.2025 - 19:11:42 - [TAB v5.0.3] Blocked attempt to add player Co11ap5e into team CMINP227 (expected team: 6Co11ap5eA)
15.03.2025 - 19:13:49 - [TAB v5.0.3] Blocked attempt to add player 123 into team CMINP179 (expected team: 6123A)
15.03.2025 - 19:14:03 - [TAB v5.0.3] Blocked attempt to add player fp_Duangfei_3 into team CMINP224 (expected team: 6fp_Duangfei_3A)
15.03.2025 - 19:14:04 - [TAB v5.0.3] Blocked attempt to add player 123 into team CMINP179 (expected team: 6123A)
15.03.2025 - 19:14:04 - [TAB v5.0.3] Blocked attempt to add player fp_Duangfei_3 into team CMINP224 (expected team: 6fp_Duangfei_3A)
15.03.2025 - 19:14:17 - [TAB v5.0.3] Blocked attempt to add player fp_Duangfei_4 into team CMINP230 (expected team: 6fp_Duangfei_4A)
15.03.2025 - 19:53:31 - [TAB v5.0.3] Blocked attempt to add player Starry into team CMINP1 (expected team: 1StarryA)
15.03.2025 - 21:36:01 - [TAB v5.0.3] Blocked attempt to add player yuanf2403 into team CMINP94 (expected team: 6yuanf2403A)
15.03.2025 - 21:36:51 - [TAB v5.0.3] Blocked attempt to add player Chikoro into team CMINP100 (expected team: 6ChikoroA)
15.03.2025 - 21:56:36 - [TAB v5.0.3] Blocked attempt to add player Brmdxc into team CMINP258 (expected team: 6BrmdxcA)
15.03.2025 - 22:03:27 - [TAB v5.0.3] Blocked attempt to add player Co11ap5e into team CMINP227 (expected team: 6Co11ap5eA)
15.03.2025 - 22:10:22 - [TAB v5.0.3] Blocked attempt to add player Brmdxc into team CMINP258 (expected team: 6BrmdxcA)
15.03.2025 - 22:17:16 - [TAB v5.0.3] Blocked attempt to add player fp_Duangfei_1 into team CMINP175 (expected team: 6fp_Duangfei_1A)
15.03.2025 - 22:27:36 - [TAB v5.0.3] Blocked attempt to add player Chikoro into team CMINP100 (expected team: 6ChikoroA)
15.03.2025 - 23:07:56 - [TAB v5.0.3] Blocked attempt to add player Brmdxc into team CMINP258 (expected team: 6BrmdxcA)
15.03.2025 - 23:52:16 - [TAB v5.0.3] Blocked attempt to add player yuanf2403 into team CMINP94 (expected team: 6yuanf2403A)
16.03.2025 - 08:44:39 - [TAB v5.0.3] Blocked attempt to add player oaa into team CMINP251 (expected team: 6oaaA)
16.03.2025 - 10:20:12 - [TAB v5.0.3] Blocked attempt to add player Ocean_Yu into team CMINP212 (expected team: 6Ocean_YuA)
16.03.2025 - 10:24:10 - [TAB v5.0.3] Blocked attempt to add player Ocean_guaji into team CMINP0 (expected team: 6Ocean_guajiA)
16.03.2025 - 11:56:27 - [TAB v5.0.3] Blocked attempt to add player Brmdxc into team CMINP258 (expected team: 6BrmdxcA)
16.03.2025 - 12:53:54 - [TAB v5.0.3] Blocked attempt to add player Ocean_Yu into team CMINP212 (expected team: 6Ocean_YuA)
16.03.2025 - 12:56:06 - [TAB v5.0.3] Blocked attempt to add player Co11ap5e into team CMINP227 (expected team: 6Co11ap5eA)
16.03.2025 - 13:00:05 - [TAB v5.0.3] Blocked attempt to add player Chikoro into team CMINP100 (expected team: 6ChikoroA)
16.03.2025 - 13:01:42 - [TAB v5.0.3] Blocked attempt to add player Brmdxc into team CMINP258 (expected team: 6BrmdxcA)
16.03.2025 - 13:04:11 - [TAB v5.0.3] Blocked attempt to add player oaa into team CMINP251 (expected team: 6oaaA)
16.03.2025 - 13:10:29 - [TAB v5.0.3] Blocked attempt to add player Co11ap5e into team CMINP227 (expected team: 6Co11ap5eA)
16.03.2025 - 13:47:44 - [TAB v5.0.3] Blocked attempt to add player Starry into team CMINP1 (expected team: 1StarryA)
16.03.2025 - 13:58:03 - [TAB v5.0.3] Blocked attempt to add player Ocean_Yu into team CMINP212 (expected team: 6Ocean_YuA)
16.03.2025 - 14:06:26 - [TAB v5.0.3] Blocked attempt to add player Co11ap5e into team CMINP227 (expected team: 6Co11ap5eA)
16.03.2025 - 14:20:33 - [TAB v5.0.3] Blocked attempt to add player houzidiguo into team CMINP234 (expected team: 6houzidiguoA)
16.03.2025 - 14:48:57 - [TAB v5.0.3] Blocked attempt to add player FosterElf841546 into team CMINP184 (expected team: 6FosterElf84154A)
16.03.2025 - 14:53:15 - [TAB v5.0.3] Blocked attempt to add player houzidiguo into team CMINP234 (expected team: 6houzidiguoA)
16.03.2025 - 14:53:16 - [TAB v5.0.3] Blocked attempt to add player Co11ap5e into team CMINP227 (expected team: 6Co11ap5eA)
16.03.2025 - 14:53:20 - [TAB v5.0.3] Blocked attempt to add player Ocean_Yu into team CMINP212 (expected team: 6Ocean_YuA)
16.03.2025 - 14:53:27 - [TAB v5.0.3] Blocked attempt to add player FosterElf841546 into team CMINP184 (expected team: 6FosterElf84154A)
16.03.2025 - 14:57:32 - [TAB v5.0.3] Blocked attempt to add player fp_Co11ap5e_1 into team CMINP0 (expected team: 6fp_Co11ap5e_1A)
16.03.2025 - 14:57:57 - [TAB v5.0.3] Blocked attempt to add player fp_Co11ap5e_1 into team CMINP261 (expected team: 6fp_Co11ap5e_1A)
16.03.2025 - 16:26:56 - [TAB v5.0.3] Blocked attempt to add player yuanf2403 into team CMINP94 (expected team: 6yuanf2403A)
16.03.2025 - 16:27:10 - [TAB v5.0.3] Blocked attempt to add player Co11ap5e into team CMINP227 (expected team: 6Co11ap5eA)
16.03.2025 - 16:41:01 - [TAB v5.0.3] Blocked attempt to add player Ocean_Yu into team CMINP212 (expected team: 6Ocean_YuA)
16.03.2025 - 17:43:39 - [TAB v5.0.3] Blocked attempt to add player Co11ap5e into team CMINP227 (expected team: 6Co11ap5eA)
16.03.2025 - 19:18:10 - [TAB v5.0.3] Blocked attempt to add player Ocean_Yu into team CMINP212 (expected team: 6Ocean_YuA)
16.03.2025 - 19:26:43 - [TAB v5.0.3] Blocked attempt to add player wenrun666 into team CMINP195 (expected team: 6wenrun666A)
16.03.2025 - 19:58:00 - [TAB v5.0.3] Blocked attempt to add player Co11ap5e into team CMINP227 (expected team: 6Co11ap5eA)
16.03.2025 - 20:51:08 - [TAB v5.0.3] Blocked attempt to add player kkkdk into team CMINP210 (expected team: 6kkkdkA)
16.03.2025 - 20:54:28 - [TAB v5.0.3] Blocked attempt to add player yuanf2403 into team CMINP94 (expected team: 6yuanf2403A)
16.03.2025 - 21:08:15 - [TAB v5.0.3] Blocked attempt to add player Brmdxc into team CMINP258 (expected team: 6BrmdxcA)
16.03.2025 - 21:27:05 - [TAB v5.0.3] Blocked attempt to add player fp_Co11ap5e_2 into team CMINP0 (expected team: 6fp_Co11ap5e_2A)
17.03.2025 - 10:27:29 - [TAB v5.0.3] Blocked attempt to add player yuanf2403 into team CMINP94 (expected team: 6yuanf2403A)
17.03.2025 - 11:46:58 - [TAB v5.0.3] Blocked attempt to add player Co11ap5e into team CMINP227 (expected team: 6Co11ap5eA)
17.03.2025 - 12:18:43 - [TAB v5.0.3] Blocked attempt to add player Ocean_Yu into team CMINP212 (expected team: 6Ocean_YuA)
17.03.2025 - 12:38:58 - [TAB v5.0.3] Blocked attempt to add player Co11ap5e into team CMINP227 (expected team: 6Co11ap5eA)
17.03.2025 - 12:38:58 - [TAB v5.0.3] Blocked attempt to add player Co11ap5e into team CMINP227 (expected team: 6Co11ap5eA)
17.03.2025 - 12:48:18 - [TAB v5.0.3] Blocked attempt to add player Duangfei into team CMINP155 (expected team: 6DuangfeiA)
17.03.2025 - 12:58:12 - [TAB v5.0.3] Blocked attempt to add player fp_Co11ap5e_3 into team CMINP0 (expected team: 6fp_Co11ap5e_3A)
17.03.2025 - 12:58:12 - [TAB v5.0.3] Blocked attempt to add player fp_Co11ap5e_4 into team CMINP0 (expected team: 6fp_Co11ap5e_4A)
17.03.2025 - 12:58:13 - [TAB v5.0.3] Blocked attempt to add player fp_Co11ap5e_3 into team CMINP263 (expected team: 6fp_Co11ap5e_3A)
17.03.2025 - 16:18:48 - [TAB v5.0.3] Blocked attempt to add player yuanf2403 into team CMINP94 (expected team: 6yuanf2403A)
17.03.2025 - 17:14:28 - [TAB v5.0.3] Blocked attempt to add player Ocean_Yu into team CMINP212 (expected team: 6Ocean_YuA)
17.03.2025 - 17:18:23 - [TAB v5.0.3] Blocked attempt to add player Co11ap5e into team CMINP227 (expected team: 6Co11ap5eA)
17.03.2025 - 17:37:00 - [TAB v5.0.3] Blocked attempt to add player Duangfei into team CMINP155 (expected team: 6DuangfeiA)
17.03.2025 - 18:07:10 - [TAB v5.0.3] Blocked attempt to add player Co11ap5e into team CMINP227 (expected team: 6Co11ap5eA)
17.03.2025 - 18:46:42 - [TAB v5.0.3] Blocked attempt to add player fp_Co11ap5e_4 into team CMINP264 (expected team: 6fp_Co11ap5e_4A)
17.03.2025 - 20:14:40 - [TAB v5.0.3] Blocked attempt to add player Ocean_Yu into team CMINP212 (expected team: 6Ocean_YuA)
17.03.2025 - 20:20:04 - [TAB v5.0.3] Blocked attempt to add player yuanf2403 into team CMINP94 (expected team: 6yuanf2403A)
17.03.2025 - 21:27:25 - [TAB v5.0.3] Blocked attempt to add player Ocean_Yu into team CMINP212 (expected team: 6Ocean_YuA)
17.03.2025 - 21:46:12 - [TAB v5.0.3] Blocked attempt to add player Starry into team CMINP1 (expected team: 1StarryA)
17.03.2025 - 23:05:34 - [TAB v5.0.3] Blocked attempt to add player yuanf2403 into team CMINP94 (expected team: 6yuanf2403A)
18.03.2025 - 10:18:06 - [TAB v5.0.3] Blocked attempt to add player Ocean_Yu into team CMINP212 (expected team: 6Ocean_YuA)
18.03.2025 - 10:19:02 - [TAB v5.0.3] Blocked attempt to add player Ocean_AFK into team CMINP0 (expected team: 6Ocean_AFKA)
18.03.2025 - 10:56:31 - [TAB v5.0.3] Blocked attempt to add player yuanf2403 into team CMINP94 (expected team: 6yuanf2403A)
18.03.2025 - 11:00:51 - [TAB v5.0.3] Blocked attempt to add player Ocean_Yu into team CMINP212 (expected team: 6Ocean_YuA)
18.03.2025 - 12:39:07 - [TAB v5.0.3] Blocked attempt to add player Ocean_guai into team CMINP0 (expected team: 6Ocean_guaiA)
18.03.2025 - 12:39:25 - [TAB v5.0.3] Blocked attempt to add player Ocean_guai into team CMINP266 (expected team: 6Ocean_guaiA)
18.03.2025 - 15:01:47 - [TAB v5.0.3] Blocked attempt to add player Duangfei into team CMINP155 (expected team: 6DuangfeiA)
18.03.2025 - 17:58:26 - [TAB v5.0.3] Blocked attempt to add player Ocean_Yu into team CMINP212 (expected team: 6Ocean_YuA)
18.03.2025 - 18:58:13 - [TAB v5.0.3] Blocked attempt to add player Starry into team CMINP1 (expected team: 1StarryA)
18.03.2025 - 18:59:01 - [TAB v5.0.3] Blocked attempt to add player fp_Starry_1 into team CMINP43 (expected team: 6fp_Starry_1A)
18.03.2025 - 18:59:04 - [TAB v5.0.3] Blocked attempt to add player fp_Starry_2 into team CMINP44 (expected team: 6fp_Starry_2A)
18.03.2025 - 18:59:04 - [TAB v5.0.3] Blocked attempt to add player fp_Starry_1 into team CMINP43 (expected team: 6fp_Starry_1A)
18.03.2025 - 19:00:30 - [TAB v5.0.3] Blocked attempt to add player aaa into team CMINP0 (expected team: 6aaaA)
18.03.2025 - 19:00:33 - [TAB v5.0.3] Blocked attempt to add player aaa into team CMINP267 (expected team: 6aaaA)
18.03.2025 - 19:09:24 - [TAB v5.0.3] Blocked attempt to add player Starry into team CMINP1 (expected team: 1StarryA)
18.03.2025 - 19:42:42 - [TAB v5.0.3] Blocked attempt to add player Ocean_Yu into team CMINP212 (expected team: 6Ocean_YuA)
18.03.2025 - 21:50:23 - [TAB v5.0.3] Blocked attempt to add player Ocean_Bee into team CMINP0 (expected team: 6Ocean_BeeA)
19.03.2025 - 18:53:16 - [TAB v5.0.3] Blocked attempt to add player Ocean_Yu into team CMINP212 (expected team: 6Ocean_YuA)
19.03.2025 - 18:57:07 - [TAB v5.0.3] Blocked attempt to add player Ocean_Bee into team CMINP268 (expected team: 6Ocean_BeeA)
19.03.2025 - 18:58:52 - [TAB v5.0.3] Blocked attempt to add player Ocean_AFK into team CMINP265 (expected team: 6Ocean_AFKA)
19.03.2025 - 20:01:53 - [TAB v5.0.3] Blocked attempt to add player yuanf2403 into team CMINP94 (expected team: 6yuanf2403A)
19.03.2025 - 21:37:41 - [TAB v5.0.3] Blocked attempt to add player Starry into team CMINP1 (expected team: 1StarryA)
19.03.2025 - 21:38:32 - [TAB v5.0.3] Blocked attempt to add player yuanf2403 into team CMINP94 (expected team: 6yuanf2403A)
19.03.2025 - 22:41:16 - [TAB v5.0.3] Blocked attempt to add player kdy582 into team CMINP0 (expected team: 6kdy582A)
19.03.2025 - 23:50:11 - [TAB v5.0.3] Blocked attempt to add player Duangfei into team CMINP155 (expected team: 6DuangfeiA)
20.03.2025 - 11:13:20 - [TAB v5.0.3] Blocked attempt to add player yuanf2403 into team CMINP94 (expected team: 6yuanf2403A)
20.03.2025 - 11:55:49 - [TAB v5.0.3] Blocked attempt to add player Ocean_Yu into team CMINP212 (expected team: 6Ocean_YuA)
20.03.2025 - 17:55:50 - [TAB v5.0.3] Blocked attempt to add player houzidiguo into team CMINP234 (expected team: 6houzidiguoA)
20.03.2025 - 20:26:16 - [TAB v5.0.3] Blocked attempt to add player Ocean_Yu into team CMINP212 (expected team: 6Ocean_YuA)
21.03.2025 - 13:30:22 - [TAB v5.0.3] Blocked attempt to add player yuanf2403 into team CMINP94 (expected team: 6yuanf2403A)
21.03.2025 - 14:24:45 - [TAB v5.0.3] Blocked attempt to add player Ocean_Yu into team CMINP212 (expected team: 6Ocean_YuA)
21.03.2025 - 15:00:23 - [TAB v5.0.3] Blocked attempt to add player Ocean_Bee into team CMINP268 (expected team: 6Ocean_BeeA)
21.03.2025 - 15:00:23 - [TAB v5.0.3] Blocked attempt to add player Ocean_Bee into team CMINP268 (expected team: 6Ocean_BeeA)
21.03.2025 - 16:48:17 - [TAB v5.0.3] Blocked attempt to add player Ocean_Yu into team CMINP212 (expected team: 6Ocean_YuA)
21.03.2025 - 17:53:31 - [TAB v5.0.3] Blocked attempt to add player yuanf2403 into team CMINP94 (expected team: 6yuanf2403A)
21.03.2025 - 19:48:07 - [TAB v5.0.3] Blocked attempt to add player Ocean_AFK into team CMINP265 (expected team: 6Ocean_AFKA)
21.03.2025 - 19:48:07 - [TAB v5.0.3] Blocked attempt to add player Ocean_AFK into team CMINP265 (expected team: 6Ocean_AFKA)
21.03.2025 - 20:04:48 - [TAB v5.0.3] Blocked attempt to add player Starry into team CMINP1 (expected team: 1StarryA)
21.03.2025 - 20:25:04 - [TAB v5.0.3] Blocked attempt to add player jjjhk into team CMINP270 (expected team: 6jjjhkA)
21.03.2025 - 22:17:23 - [TAB v5.0.3] Blocked attempt to add player Brmdxc into team CMINP258 (expected team: 6BrmdxcA)
21.03.2025 - 22:36:47 - [TAB v5.0.3] Blocked attempt to add player Stabrinai into team CMINP0 (expected team: 6StabrinaiA)
21.03.2025 - 22:53:19 - [TAB v5.0.3] Blocked attempt to add player hghghhg into team CMINP0 (expected team: 6hghghhgA)
21.03.2025 - 23:09:08 - [TAB v5.0.3] Blocked attempt to add player Ocean132 into team CMINP0 (expected team: 6Ocean132A)
22.03.2025 - 00:01:40 - [TAB v5.0.3] Blocked attempt to add player yuanf2403 into team CMINP94 (expected team: 6yuanf2403A)
22.03.2025 - 00:02:08 - [TAB v5.0.3] Blocked attempt to add player Ocean_Yu into team CMINP212 (expected team: 6Ocean_YuA)
22.03.2025 - 06:56:11 - [TAB v5.0.3] Blocked attempt to add player jjjhk into team CMINP270 (expected team: 6jjjhkA)
22.03.2025 - 08:13:08 - [TAB v5.0.3] Blocked attempt to add player Starry into team CMINP1 (expected team: 1StarryA)
22.03.2025 - 08:58:38 - [TAB v5.0.3] Blocked attempt to add player Brmdxc into team CMINP258 (expected team: 6BrmdxcA)
22.03.2025 - 12:32:46 - [TAB v5.0.3] Blocked attempt to add player Starry into team CMINP0 (expected team: 1StarryA)
22.03.2025 - 12:45:16 - [TAB v5.0.3] Blocked attempt to add player Starry into team CMINP1 (expected team: 1StarryA)
22.03.2025 - 12:50:00 - [TAB v5.0.3] Blocked attempt to add player fp_Starry_1 into team CMINP0 (expected team: 6fp_Starry_1A)
22.03.2025 - 12:53:46 - [TAB v5.0.3] Blocked attempt to add player Starry into team CMINP1 (expected team: 1StarryA)
22.03.2025 - 13:00:07 - [TAB v5.0.3] Blocked attempt to add player Starry into team CMINP1 (expected team: 1StarryA)
22.03.2025 - 13:12:27 - [TAB v5.0.3] Blocked attempt to add player Starry into team CMINP1 (expected team: 1StarryA)
22.03.2025 - 13:20:50 - [TAB v5.0.3] Blocked attempt to add player Starry into team CMINP1 (expected team: 1StarryA)
22.03.2025 - 13:50:20 - [TAB v5.0.3] Blocked attempt to add player Starry into team CMINP1 (expected team: 1StarryA)
22.03.2025 - 13:53:47 - [TAB v5.0.3] Blocked attempt to add player Starry into team CMINP1 (expected team: 1StarryA)
22.03.2025 - 14:58:51 - [TAB v5.0.3] Blocked attempt to add player Starry into team CMINP1 (expected team: 1StarryA)
22.03.2025 - 15:50:52 - [TAB v5.0.3] Blocked attempt to add player Starry into team CMINP1 (expected team: 1StarryA)
22.03.2025 - 16:23:05 - [TAB v5.0.3] Blocked attempt to add player Starry into team CMINP1 (expected team: 1StarryA)
26.04.2025 - 17:36:54 - [TAB v5.0.3] Blocked attempt to add player Starry_cbz into team CMINP6 (expected team: 6Starry_cbzA)
