07.03.2025 - 17:35:41 - [TAB v5.0.3] Tried to register team 6ckrA with entry [ckr], while this team already exists with entry [ckr] to player Duangfei
07.03.2025 - 17:35:41 - [TAB v5.0.3] Tried to register team 6ckrA with entry [ckr], while this team already exists with entry [ckr] to player ckr
07.03.2025 - 17:35:41 - [TAB v5.0.3] Tried to register team 6ckrA with entry [ckr], while this team already exists with entry [ckr] to player fp_Duangfei_1
07.03.2025 - 17:35:41 - [TAB v5.0.3] Tried to register team 6ckrA with entry [ckr], while this team already exists with entry [ckr] to player ckr
07.03.2025 - 17:35:41 - [TAB v5.0.3] Tried to register team 6ckrA with entry [ckr], while this team already exists with entry [ckr] to player zhaoze
07.03.2025 - 17:35:41 - [TAB v5.0.3] Tried to register team 6ckrA with entry [ckr], while this team already exists with entry [ckr] to player user_3m23
07.03.2025 - 17:35:41 - [TAB v5.0.3] Tried to register team 6ckrA with entry [ckr], while this team already exists with entry [ckr] to player Chikoro
07.03.2025 - 17:35:49 - [TAB v5.0.3] Tried to register team 6ckrA with entry [ckr], while this team already exists with entry [ckr] to player ckr
15.03.2025 - 19:11:12 - [TAB v5.0.3] Tried to register team 6123A with entry [123], while this team already exists with entry [123] to player 123
15.03.2025 - 19:11:12 - [TAB v5.0.3] Tried to register team 6123A with entry [123], while this team already exists with entry [123] to player Ocean_Yu
15.03.2025 - 19:11:12 - [TAB v5.0.3] Tried to register team 6123A with entry [123], while this team already exists with entry [123] to player 123
15.03.2025 - 19:11:12 - [TAB v5.0.3] Tried to register team 6123A with entry [123], while this team already exists with entry [123] to player fp_yuanf2403_1
15.03.2025 - 19:11:12 - [TAB v5.0.3] Tried to register team 6123A with entry [123], while this team already exists with entry [123] to player Duangfei
15.03.2025 - 19:11:12 - [TAB v5.0.3] Tried to register team 6123A with entry [123], while this team already exists with entry [123] to player Ocean_finshing
15.03.2025 - 19:11:12 - [TAB v5.0.3] Tried to register team 6123A with entry [123], while this team already exists with entry [123] to player fp_Duangfei_1
15.03.2025 - 19:11:12 - [TAB v5.0.3] Tried to register team 6123A with entry [123], while this team already exists with entry [123] to player fp_Duangfei_2
15.03.2025 - 19:13:49 - [TAB v5.0.3] Tried to register team 6123A with entry [123], while this team already exists with entry [123] to player Co11ap5e
15.03.2025 - 19:13:49 - [TAB v5.0.3] Tried to register team 6123A with entry [123], while this team already exists with entry [123] to player 123
15.03.2025 - 19:13:52 - [TAB v5.0.3] Tried to register team 6123A with entry [123], while this team already exists with entry [123] to player 123
15.03.2025 - 19:14:04 - [TAB v5.0.3] Tried to register team 6123A with entry [123], while this team already exists with entry [123] to player 123
15.03.2025 - 19:14:04 - [TAB v5.0.3] Tried to register team 6123A with entry [123], while this team already exists with entry [123] to player fp_Duangfei_3
15.03.2025 - 19:14:17 - [TAB v5.0.3] Tried to register team 6123A with entry [123], while this team already exists with entry [123] to player fp_Duangfei_4
15.03.2025 - 19:14:18 - [TAB v5.0.3] Tried to register team 6123A with entry [123], while this team already exists with entry [123] to player fp_Duangfei_4
15.03.2025 - 19:53:30 - [TAB v5.0.3] Tried to register team 6123A with entry [123], while this team already exists with entry [123] to player Starry
18.03.2025 - 10:19:05 - [TAB v5.0.3] Tried to register team 6Ocean_AFKA with entry [Ocean_AFK], while this team already exists with entry [Ocean_AFK] to player Ocean_AFK
18.03.2025 - 10:19:05 - [TAB v5.0.3] Tried to register team 6Ocean_AFKA with entry [Ocean_AFK], while this team already exists with entry [Ocean_AFK] to player Ocean_Yu
18.03.2025 - 10:19:05 - [TAB v5.0.3] Tried to register team 6Ocean_AFKA with entry [Ocean_AFK], while this team already exists with entry [Ocean_AFK] to player Ocean_AFK
18.03.2025 - 10:56:31 - [TAB v5.0.3] Tried to register team 6Ocean_AFKA with entry [Ocean_AFK], while this team already exists with entry [Ocean_AFK] to player yuanf2403
18.03.2025 - 11:00:51 - [TAB v5.0.3] Tried to register team 6Ocean_AFKA with entry [Ocean_AFK], while this team already exists with entry [Ocean_AFK] to player Ocean_Yu
18.03.2025 - 12:39:07 - [TAB v5.0.3] Tried to register team 6Ocean_AFKA with entry [Ocean_AFK], while this team already exists with entry [Ocean_AFK] to player Ocean_guai
18.03.2025 - 12:39:25 - [TAB v5.0.3] Tried to register team 6Ocean_AFKA with entry [Ocean_AFK], while this team already exists with entry [Ocean_AFK] to player Ocean_guai
18.03.2025 - 15:01:47 - [TAB v5.0.3] Tried to register team 6Ocean_AFKA with entry [Ocean_AFK], while this team already exists with entry [Ocean_AFK] to player Duangfei
18.03.2025 - 17:58:26 - [TAB v5.0.3] Tried to register team 6Ocean_AFKA with entry [Ocean_AFK], while this team already exists with entry [Ocean_AFK] to player Ocean_Yu
18.03.2025 - 18:05:55 - [TAB v5.0.3] Tried to register team 6Ocean_AFKA with entry [Ocean_AFK], while this team already exists with entry [Ocean_AFK] to player Ocean_Yu
18.03.2025 - 18:58:12 - [TAB v5.0.3] Tried to register team 6Ocean_AFKA with entry [Ocean_AFK], while this team already exists with entry [Ocean_AFK] to player Starry
18.03.2025 - 18:59:01 - [TAB v5.0.3] Tried to register team 6Ocean_AFKA with entry [Ocean_AFK], while this team already exists with entry [Ocean_AFK] to player fp_Starry_1
18.03.2025 - 18:59:04 - [TAB v5.0.3] Tried to register team 6Ocean_AFKA with entry [Ocean_AFK], while this team already exists with entry [Ocean_AFK] to player fp_Starry_2
18.03.2025 - 18:59:04 - [TAB v5.0.3] Tried to register team 6Ocean_AFKA with entry [Ocean_AFK], while this team already exists with entry [Ocean_AFK] to player fp_Starry_1
18.03.2025 - 19:00:30 - [TAB v5.0.3] Tried to register team 6Ocean_AFKA with entry [Ocean_AFK], while this team already exists with entry [Ocean_AFK] to player aaa
18.03.2025 - 19:00:33 - [TAB v5.0.3] Tried to register team 6Ocean_AFKA with entry [Ocean_AFK], while this team already exists with entry [Ocean_AFK] to player aaa
18.03.2025 - 19:09:24 - [TAB v5.0.3] Tried to register team 6Ocean_AFKA with entry [Ocean_AFK], while this team already exists with entry [Ocean_AFK] to player Starry
18.03.2025 - 19:42:42 - [TAB v5.0.3] Tried to register team 6Ocean_AFKA with entry [Ocean_AFK], while this team already exists with entry [Ocean_AFK] to player Ocean_Yu
18.03.2025 - 20:56:13 - [TAB v5.0.3] Tried to register team 6Ocean_AFKA with entry [Ocean_AFK], while this team already exists with entry [Ocean_AFK] to player Ocean_Yu
18.03.2025 - 20:59:31 - [TAB v5.0.3] Tried to register team 6Ocean_AFKA with entry [Ocean_AFK], while this team already exists with entry [Ocean_AFK] to player Ocean_Yu
18.03.2025 - 21:50:23 - [TAB v5.0.3] Tried to register team 6Ocean_AFKA with entry [Ocean_AFK], while this team already exists with entry [Ocean_AFK] to player Ocean_Bee
18.03.2025 - 21:50:24 - [TAB v5.0.3] Tried to register team 6Ocean_AFKA with entry [Ocean_AFK], while this team already exists with entry [Ocean_AFK] to player Ocean_Bee
19.03.2025 - 18:57:12 - [TAB v5.0.3] Tried to register team 6Ocean_BeeA with entry [Ocean_Bee], while this team already exists with entry [Ocean_Bee] to player Ocean_Bee
19.03.2025 - 18:57:12 - [TAB v5.0.3] Tried to register team 6Ocean_BeeA with entry [Ocean_Bee], while this team already exists with entry [Ocean_Bee] to player Ocean_Yu
19.03.2025 - 18:57:12 - [TAB v5.0.3] Tried to register team 6Ocean_BeeA with entry [Ocean_Bee], while this team already exists with entry [Ocean_Bee] to player Ocean_Bee
19.03.2025 - 18:57:19 - [TAB v5.0.3] Tried to register team 6Ocean_BeeA with entry [Ocean_Bee], while this team already exists with entry [Ocean_Bee] to player Ocean_Bee
19.03.2025 - 18:58:52 - [TAB v5.0.3] Tried to register team 6Ocean_BeeA with entry [Ocean_Bee], while this team already exists with entry [Ocean_Bee] to player Ocean_AFK
19.03.2025 - 18:58:54 - [TAB v5.0.3] Tried to register team 6Ocean_BeeA with entry [Ocean_Bee], while this team already exists with entry [Ocean_Bee] to player Ocean_AFK
19.03.2025 - 20:01:53 - [TAB v5.0.3] Tried to register team 6Ocean_BeeA with entry [Ocean_Bee], while this team already exists with entry [Ocean_Bee] to player yuanf2403
19.03.2025 - 21:37:41 - [TAB v5.0.3] Tried to register team 6Ocean_BeeA with entry [Ocean_Bee], while this team already exists with entry [Ocean_Bee] to player Starry
19.03.2025 - 21:38:32 - [TAB v5.0.3] Tried to register team 6Ocean_BeeA with entry [Ocean_Bee], while this team already exists with entry [Ocean_Bee] to player yuanf2403
19.03.2025 - 21:53:58 - [TAB v5.0.3] Tried to register team 6Ocean_BeeA with entry [Ocean_Bee], while this team already exists with entry [Ocean_Bee] to player yuanf2403
19.03.2025 - 22:41:16 - [TAB v5.0.3] Tried to register team 6Ocean_BeeA with entry [Ocean_Bee], while this team already exists with entry [Ocean_Bee] to player kdy582
19.03.2025 - 23:50:10 - [TAB v5.0.3] Tried to register team 6Ocean_BeeA with entry [Ocean_Bee], while this team already exists with entry [Ocean_Bee] to player Duangfei
20.03.2025 - 11:13:20 - [TAB v5.0.3] Tried to register team 6Ocean_BeeA with entry [Ocean_Bee], while this team already exists with entry [Ocean_Bee] to player yuanf2403
20.03.2025 - 11:55:49 - [TAB v5.0.3] Tried to register team 6Ocean_BeeA with entry [Ocean_Bee], while this team already exists with entry [Ocean_Bee] to player Ocean_Yu
20.03.2025 - 12:07:27 - [TAB v5.0.3] Tried to register team 6Ocean_BeeA with entry [Ocean_Bee], while this team already exists with entry [Ocean_Bee] to player Ocean_Yu
20.03.2025 - 17:17:59 - [TAB v5.0.3] Tried to register team 6Ocean_BeeA with entry [Ocean_Bee], while this team already exists with entry [Ocean_Bee] to player Ocean_Yu
20.03.2025 - 17:55:50 - [TAB v5.0.3] Tried to register team 6Ocean_BeeA with entry [Ocean_Bee], while this team already exists with entry [Ocean_Bee] to player houzidiguo
20.03.2025 - 17:56:02 - [TAB v5.0.3] Tried to register team 6Ocean_BeeA with entry [Ocean_Bee], while this team already exists with entry [Ocean_Bee] to player houzidiguo
20.03.2025 - 17:56:15 - [TAB v5.0.3] Tried to register team 6Ocean_BeeA with entry [Ocean_Bee], while this team already exists with entry [Ocean_Bee] to player houzidiguo
21.03.2025 - 19:48:13 - [TAB v5.0.3] Tried to register team 6Ocean_AFKA with entry [Ocean_AFK], while this team already exists with entry [Ocean_AFK] to player Ocean_Bee
21.03.2025 - 19:48:13 - [TAB v5.0.3] Tried to register team 6Ocean_AFKA with entry [Ocean_AFK], while this team already exists with entry [Ocean_AFK] to player Ocean_AFK
21.03.2025 - 19:48:13 - [TAB v5.0.3] Tried to register team 6Ocean_AFKA with entry [Ocean_AFK], while this team already exists with entry [Ocean_AFK] to player Ocean_Yu
21.03.2025 - 19:48:13 - [TAB v5.0.3] Tried to register team 6Ocean_AFKA with entry [Ocean_AFK], while this team already exists with entry [Ocean_AFK] to player yuanf2403
21.03.2025 - 19:48:13 - [TAB v5.0.3] Tried to register team 6Ocean_AFKA with entry [Ocean_AFK], while this team already exists with entry [Ocean_AFK] to player Ocean_AFK
21.03.2025 - 19:50:01 - [TAB v5.0.3] Tried to register team 6Ocean_AFKA with entry [Ocean_AFK], while this team already exists with entry [Ocean_AFK] to player Ocean_AFK
21.03.2025 - 19:50:03 - [TAB v5.0.3] Tried to register team 6Ocean_AFKA with entry [Ocean_AFK], while this team already exists with entry [Ocean_AFK] to player Ocean_AFK
21.03.2025 - 19:50:03 - [TAB v5.0.3] Tried to register team 6Ocean_AFKA with entry [Ocean_AFK], while this team already exists with entry [Ocean_AFK] to player Ocean_AFK
21.03.2025 - 20:04:48 - [TAB v5.0.3] Tried to register team 6Ocean_AFKA with entry [Ocean_AFK], while this team already exists with entry [Ocean_AFK] to player Starry
21.03.2025 - 20:25:04 - [TAB v5.0.3] Tried to register team 6Ocean_AFKA with entry [Ocean_AFK], while this team already exists with entry [Ocean_AFK] to player jjjhk
21.03.2025 - 22:17:23 - [TAB v5.0.3] Tried to register team 6Ocean_AFKA with entry [Ocean_AFK], while this team already exists with entry [Ocean_AFK] to player Brmdxc
21.03.2025 - 22:36:47 - [TAB v5.0.3] Tried to register team 6Ocean_AFKA with entry [Ocean_AFK], while this team already exists with entry [Ocean_AFK] to player Stabrinai
21.03.2025 - 22:53:19 - [TAB v5.0.3] Tried to register team 6Ocean_AFKA with entry [Ocean_AFK], while this team already exists with entry [Ocean_AFK] to player hghghhg
21.03.2025 - 23:09:08 - [TAB v5.0.3] Tried to register team 6Ocean_AFKA with entry [Ocean_AFK], while this team already exists with entry [Ocean_AFK] to player Ocean132
21.03.2025 - 23:09:10 - [TAB v5.0.3] Tried to register team 6Ocean_AFKA with entry [Ocean_AFK], while this team already exists with entry [Ocean_AFK] to player Ocean132
22.03.2025 - 00:01:40 - [TAB v5.0.3] Tried to register team 6Ocean_AFKA with entry [Ocean_AFK], while this team already exists with entry [Ocean_AFK] to player yuanf2403
22.03.2025 - 00:02:08 - [TAB v5.0.3] Tried to register team 6Ocean_AFKA with entry [Ocean_AFK], while this team already exists with entry [Ocean_AFK] to player Ocean_Yu
